


materialPath: C:\Program Files (x86)\Steam\steamapps\sourcemods\Humanity-Zero_mapbaseversion\materials
Loading C:\Program Files (x86)\Steam\steamapps\sourcemods\Humanity-Zero_mapbaseversion\maps\choreography.vmf
fixing up env_cubemap materials on brush sides...
0...1...2...3...4...5...6...7...8...9...100...1...2...3...4...5...6...7...8...9...10Processing areas...done (0)
Building Faces...done (0)
FixTjuncs...
PruneNodes...
WriteBSP...
done (0)
writing C:\Program Files (x86)\Steam\steamapps\sourcemods\Humanity-Zero_mapbaseversion\maps\choreography.prt...Building visibility clusters...
done (0)
Finding displacement neighbors...
Finding lightmap sample positions...
Displacement Alpha : 0...1...2...3...4...5...6...7...8...9...10
Building Physics collision data...
done (0) (3768 bytes)
Placing static props...
Placing detail props : 0...1...2...3...4...5...6...7...8...9...10
Compacting texture/material tables...
Reduced 28 texinfos to 13
Reduced 3 texdatas to 3 (70 bytes to 70)
Writing C:\Program Files (x86)\Steam\steamapps\sourcemods\Humanity-Zero_mapbaseversion\maps\choreography.bsp
1 second elapsed



4 threads
reading c:\program files (x86)\steam\steamapps\sourcemods\humanity-zero_mapbaseversion\maps\choreography.bsp
reading c:\program files (x86)\steam\steamapps\sourcemods\humanity-zero_mapbaseversion\maps\choreography.prt
   8 portalclusters
  11 numportals
0...1...2...3...4...5...6...7...8...9...100...1...2...3...4...5...6...7...8...9...10Optimized: 0 visible clusters (0.00%)
Total clusters visible: 64
Average clusters visible: 8
Building PAS...
Average clusters audible: 8
visdatasize:84  compressed from 128
writing c:\program files (x86)\steam\steamapps\sourcemods\humanity-zero_mapbaseversion\maps\choreography.bsp
0 seconds elapsed



[Reading texlights from 'lights.rad']
[45 texlights parsed from 'lights.rad']

Loading c:\program files (x86)\steam\steamapps\sourcemods\humanity-zero_mapbaseversion\maps\choreography.bsp
46 faces
7736 square feet [1114112.00 square inches]
0 Displacements
0 Square Feet [0.00 Square Inches]
46 patches before subdivision
4522 patches after subdivision
2 direct lights
0...1...2...3...4...5...6...7...8...9...100...1...2...3...4...5...6...7...8...9...10transfers 493157, max 269
transfer lists:   3.8 megs
0...1...2...3...4...5...6...7...8...9...10	Bounce #1 added RGB(27001, 10973, 4811)
0...1...2...3...4...5...6...7...8...9...10	Bounce #2 added RGB(11663, 1808, 230)
0...1...2...3...4...5...6...7...8...9...10	Bounce #3 added RGB(5108, 298, 11)
0...1...2...3...4...5...6...7...8...9...10	Bounce #4 added RGB(2250, 49, 0)
0...1...2...3...4...5...6...7...8...9...10	Bounce #5 added RGB(994, 8, 0)
0...1...2...3...4...5...6...7...8...9...10	Bounce #6 added RGB(440, 1, 0)
0...1...2...3...4...5...6...7...8...9...10	Bounce #7 added RGB(195, 0, 0)
0...1...2...3...4...5...6...7...8...9...10	Bounce #8 added RGB(86, 0, 0)
0...1...2...3...4...5...6...7...8...9...10	Bounce #9 added RGB(38, 0, 0)
0...1...2...3...4...5...6...7...8...9...10	Bounce #10 added RGB(17, 0, 0)
0...1...2...3...4...5...6...7...8...9...10	Bounce #11 added RGB(7, 0, 0)
0...1...2...3...4...5...6...7...8...9...10	Bounce #12 added RGB(3, 0, 0)
0...1...2...3...4...5...6...7...8...9...10	Bounce #13 added RGB(1, 0, 0)
0...1...2...3...4...5...6...7...8...9...10	Bounce #14 added RGB(1, 0, 0)
Build Patch/Sample Hash Table(s).....Done<0.0027 sec>
0...1...2...3...4...5...6...7...8...9...10FinalLightFace Done
0 of 0 (0% of) surface lights went in leaf ambient cubes.
0...1...2...3...4...5...6...7...8...9...10Writing leaf ambient...done
Ready to Finish

Object names       Objects/Maxobjs  Memory / Maxmem  Fullness 
------------       ---------------  ---------------  -------- 
models                   3/1024          144/49152    ( 0.3%) 
brushes                  9/8192          108/98304    ( 0.1%) 
brushsides              54/65536         432/524288   ( 0.1%) 
planes                  68/65536        1360/1310720  ( 0.1%) 
vertexes                60/65536         720/786432   ( 0.1%) 
nodes                   47/65536        1504/2097152  ( 0.1%) 
texinfos                13/12288         936/884736   ( 0.1%) 
texdata                  3/2048           96/65536    ( 0.1%) 
dispinfos                0/0               0/0        ( 0.0%) 
disp_verts               0/0               0/0        ( 0.0%) 
disp_tris                0/0               0/0        ( 0.0%) 
disp_lmsamples           0/0               0/0        ( 0.0%) 
faces                   46/65536        2576/3670016  ( 0.1%) 
hdr faces                0/65536           0/3670016  ( 0.0%) 
origfaces               21/65536        1176/3670016  ( 0.0%) 
leaves                  51/65536        1632/2097152  ( 0.1%) 
leaffaces               60/65536         120/131072   ( 0.1%) 
leafbrushes             22/65536          44/131072   ( 0.0%) 
areas                    2/256            16/2048     ( 0.8%) 
surfedges              280/512000       1120/2048000  ( 0.1%) 
edges                  144/256000        576/1024000  ( 0.1%) 
LDR worldlights          2/65536         176/5767168  ( 0.0%) 
HDR worldlights          0/65536           0/5767168  ( 0.0%) 
leafwaterdata            0/32768           0/393216   ( 0.0%) 
waterstrips              0/32768           0/327680   ( 0.0%) 
waterverts               0/65536           0/786432   ( 0.0%) 
waterindices             0/65536           0/131072   ( 0.0%) 
cubemapsamples           0/1024            0/16384    ( 0.0%) 
overlays                 0/8192            0/2883584  ( 0.0%) 
LDR lightdata         [variable]       59300/0        ( 0.0%) 
HDR lightdata         [variable]           0/0        ( 0.0%) 
visdata               [variable]          84/16777216 ( 0.0%) 
entdata               [variable]        2550/393216   ( 0.6%) 
LDR ambient table       51/65536         204/262144   ( 0.1%) 
HDR ambient table       51/65536         204/262144   ( 0.1%) 
LDR leaf ambient       177/65536        4956/1835008  ( 0.3%) 
HDR leaf ambient        51/65536        1428/1835008  ( 0.1%) 
occluders                0/0               0/0        ( 0.0%) 
occluder polygons        0/0               0/0        ( 0.0%) 
occluder vert ind        0/0               0/0        ( 0.0%) 
detail props          [variable]           1/12       ( 8.3%) 
static props          [variable]           1/12       ( 8.3%) 
pakfile               [variable]          54/0        ( 0.0%) 
physics               [variable]        3768/4194304  ( 0.1%) 
physics terrain       [variable]           2/1048576  ( 0.0%) 

Level flags = 0

Total triangle count: 104
Writing c:\program files (x86)\steam\steamapps\sourcemods\humanity-zero_mapbaseversion\maps\choreography.bsp
3 seconds elapsed



materialPath: C:\Program Files (x86)\Steam\steamapps\sourcemods\Humanity-Zero_mapbaseversion\materials
Loading C:\Program Files (x86)\Steam\steamapps\sourcemods\Humanity-Zero_mapbaseversion\maps\choreography.vmf
fixing up env_cubemap materials on brush sides...
0...1...2...3...4...5...6...7...8...9...100...1...2...3...4...5...6...7...8...9...10Processing areas...done (0)
Building Faces...done (0)
FixTjuncs...
PruneNodes...
WriteBSP...
done (0)
writing C:\Program Files (x86)\Steam\steamapps\sourcemods\Humanity-Zero_mapbaseversion\maps\choreography.prt...Building visibility clusters...
done (0)
Finding displacement neighbors...
Finding lightmap sample positions...
Displacement Alpha : 0...1...2...3...4...5...6...7...8...9...10
Building Physics collision data...
done (0) (3768 bytes)
Placing static props...
Placing detail props : 0...1...2...3...4...5...6...7...8...9...10
Compacting texture/material tables...
Reduced 28 texinfos to 13
Reduced 3 texdatas to 3 (70 bytes to 70)
Writing C:\Program Files (x86)\Steam\steamapps\sourcemods\Humanity-Zero_mapbaseversion\maps\choreography.bsp
0 seconds elapsed



4 threads
reading c:\program files (x86)\steam\steamapps\sourcemods\humanity-zero_mapbaseversion\maps\choreography.bsp
reading c:\program files (x86)\steam\steamapps\sourcemods\humanity-zero_mapbaseversion\maps\choreography.prt
   8 portalclusters
  11 numportals
0...1...2...3...4...5...6...7...8...9...100...1...2...3...4...5...6...7...8...9...10Optimized: 0 visible clusters (0.00%)
Total clusters visible: 64
Average clusters visible: 8
Building PAS...
Average clusters audible: 8
visdatasize:84  compressed from 128
writing c:\program files (x86)\steam\steamapps\sourcemods\humanity-zero_mapbaseversion\maps\choreography.bsp
0 seconds elapsed



[Reading texlights from 'lights.rad']
[45 texlights parsed from 'lights.rad']

Loading c:\program files (x86)\steam\steamapps\sourcemods\humanity-zero_mapbaseversion\maps\choreography.bsp
46 faces
8647 square feet [1245184.00 square inches]
0 Displacements
0 Square Feet [0.00 Square Inches]
46 patches before subdivision
4522 patches after subdivision
2 direct lights
0...1...2...3...4...5...6...7...8...9...100...1...2...3...4...5...6...7...8...9...10transfers 493001, max 269
transfer lists:   3.8 megs
0...1...2...3...4...5...6...7...8...9...10	Bounce #1 added RGB(26984, 10967, 4810)
0...1...2...3...4...5...6...7...8...9...10	Bounce #2 added RGB(11657, 1807, 230)
0...1...2...3...4...5...6...7...8...9...10	Bounce #3 added RGB(5105, 298, 11)
0...1...2...3...4...5...6...7...8...9...10	Bounce #4 added RGB(2249, 49, 0)
0...1...2...3...4...5...6...7...8...9...10	Bounce #5 added RGB(994, 8, 0)
0...1...2...3...4...5...6...7...8...9...10	Bounce #6 added RGB(440, 1, 0)
0...1...2...3...4...5...6...7...8...9...10	Bounce #7 added RGB(195, 0, 0)
0...1...2...3...4...5...6...7...8...9...10	Bounce #8 added RGB(86, 0, 0)
0...1...2...3...4...5...6...7...8...9...10	Bounce #9 added RGB(38, 0, 0)
0...1...2...3...4...5...6...7...8...9...10	Bounce #10 added RGB(17, 0, 0)
0...1...2...3...4...5...6...7...8...9...10	Bounce #11 added RGB(7, 0, 0)
0...1...2...3...4...5...6...7...8...9...10	Bounce #12 added RGB(3, 0, 0)
0...1...2...3...4...5...6...7...8...9...10	Bounce #13 added RGB(1, 0, 0)
0...1...2...3...4...5...6...7...8...9...10	Bounce #14 added RGB(1, 0, 0)
Build Patch/Sample Hash Table(s).....Done<0.0043 sec>
0...1...2...3...4...5...6...7...8...9...10FinalLightFace Done
0 of 0 (0% of) surface lights went in leaf ambient cubes.
0...1...2...3...4...5...6...7...8...9...10Writing leaf ambient...done
Ready to Finish

Object names       Objects/Maxobjs  Memory / Maxmem  Fullness 
------------       ---------------  ---------------  -------- 
models                   3/1024          144/49152    ( 0.3%) 
brushes                  9/8192          108/98304    ( 0.1%) 
brushsides              54/65536         432/524288   ( 0.1%) 
planes                  70/65536        1400/1310720  ( 0.1%) 
vertexes                60/65536         720/786432   ( 0.1%) 
nodes                   47/65536        1504/2097152  ( 0.1%) 
texinfos                13/12288         936/884736   ( 0.1%) 
texdata                  3/2048           96/65536    ( 0.1%) 
dispinfos                0/0               0/0        ( 0.0%) 
disp_verts               0/0               0/0        ( 0.0%) 
disp_tris                0/0               0/0        ( 0.0%) 
disp_lmsamples           0/0               0/0        ( 0.0%) 
faces                   46/65536        2576/3670016  ( 0.1%) 
hdr faces                0/65536           0/3670016  ( 0.0%) 
origfaces               21/65536        1176/3670016  ( 0.0%) 
leaves                  51/65536        1632/2097152  ( 0.1%) 
leaffaces               60/65536         120/131072   ( 0.1%) 
leafbrushes             22/65536          44/131072   ( 0.0%) 
areas                    2/256            16/2048     ( 0.8%) 
surfedges              280/512000       1120/2048000  ( 0.1%) 
edges                  144/256000        576/1024000  ( 0.1%) 
LDR worldlights          2/65536         176/5767168  ( 0.0%) 
HDR worldlights          0/65536           0/5767168  ( 0.0%) 
leafwaterdata            0/32768           0/393216   ( 0.0%) 
waterstrips              0/32768           0/327680   ( 0.0%) 
waterverts               0/65536           0/786432   ( 0.0%) 
waterindices             0/65536           0/131072   ( 0.0%) 
cubemapsamples           0/1024            0/16384    ( 0.0%) 
overlays                 0/8192            0/2883584  ( 0.0%) 
LDR lightdata         [variable]       59300/0        ( 0.0%) 
HDR lightdata         [variable]           0/0        ( 0.0%) 
visdata               [variable]          84/16777216 ( 0.0%) 
entdata               [variable]        2555/393216   ( 0.6%) 
LDR ambient table       51/65536         204/262144   ( 0.1%) 
HDR ambient table       51/65536         204/262144   ( 0.1%) 
LDR leaf ambient       180/65536        5040/1835008  ( 0.3%) 
HDR leaf ambient        51/65536        1428/1835008  ( 0.1%) 
occluders                0/0               0/0        ( 0.0%) 
occluder polygons        0/0               0/0        ( 0.0%) 
occluder vert ind        0/0               0/0        ( 0.0%) 
detail props          [variable]           1/12       ( 8.3%) 
static props          [variable]           1/12       ( 8.3%) 
pakfile               [variable]          54/0        ( 0.0%) 
physics               [variable]        3768/4194304  ( 0.1%) 
physics terrain       [variable]           2/1048576  ( 0.0%) 

Level flags = 0

Total triangle count: 104
Writing c:\program files (x86)\steam\steamapps\sourcemods\humanity-zero_mapbaseversion\maps\choreography.bsp
2 seconds elapsed



materialPath: C:\Program Files (x86)\Steam\steamapps\sourcemods\Humanity-Zero_mapbaseversion\materials
Loading C:\Program Files (x86)\Steam\steamapps\sourcemods\Humanity-Zero_mapbaseversion\maps\choreography.vmf
fixing up env_cubemap materials on brush sides...
0...1...2...3...4...5...6...7...8...9...100...1...2...3...4...5...6...7...8...9...10Processing areas...done (0)
Building Faces...done (0)
FixTjuncs...
PruneNodes...
WriteBSP...
done (0)
writing C:\Program Files (x86)\Steam\steamapps\sourcemods\Humanity-Zero_mapbaseversion\maps\choreography.prt...Building visibility clusters...
done (0)
Finding displacement neighbors...
Finding lightmap sample positions...
Displacement Alpha : 0...1...2...3...4...5...6...7...8...9...10
Building Physics collision data...
done (0) (3768 bytes)
Placing static props...
Placing detail props : 0...1...2...3...4...5...6...7...8...9...10
Compacting texture/material tables...
Reduced 28 texinfos to 13
Reduced 3 texdatas to 3 (70 bytes to 70)
Writing C:\Program Files (x86)\Steam\steamapps\sourcemods\Humanity-Zero_mapbaseversion\maps\choreography.bsp
0 seconds elapsed



4 threads
reading c:\program files (x86)\steam\steamapps\sourcemods\humanity-zero_mapbaseversion\maps\choreography.bsp
reading c:\program files (x86)\steam\steamapps\sourcemods\humanity-zero_mapbaseversion\maps\choreography.prt
   8 portalclusters
  11 numportals
0...1...2...3...4...5...6...7...8...9...100...1...2...3...4...5...6...7...8...9...10Optimized: 0 visible clusters (0.00%)
Total clusters visible: 64
Average clusters visible: 8
Building PAS...
Average clusters audible: 8
visdatasize:84  compressed from 128
writing c:\program files (x86)\steam\steamapps\sourcemods\humanity-zero_mapbaseversion\maps\choreography.bsp
0 seconds elapsed



[Reading texlights from 'lights.rad']
[45 texlights parsed from 'lights.rad']

Loading c:\program files (x86)\steam\steamapps\sourcemods\humanity-zero_mapbaseversion\maps\choreography.bsp
46 faces
8647 square feet [1245184.00 square inches]
0 Displacements
0 Square Feet [0.00 Square Inches]
46 patches before subdivision
4522 patches after subdivision
2 direct lights
0...1...2...3...4...5...6...7...8...9...100...1...2...3...4...5...6...7...8...9...10transfers 493001, max 269
transfer lists:   3.8 megs
0...1...2...3...4...5...6...7...8...9...10	Bounce #1 added RGB(26984, 10967, 4810)
0...1...2...3...4...5...6...7...8...9...10	Bounce #2 added RGB(11657, 1807, 230)
0...1...2...3...4...5...6...7...8...9...10	Bounce #3 added RGB(5105, 298, 11)
0...1...2...3...4...5...6...7...8...9...10	Bounce #4 added RGB(2249, 49, 0)
0...1...2...3...4...5...6...7...8...9...10	Bounce #5 added RGB(994, 8, 0)
0...1...2...3...4...5...6...7...8...9...10	Bounce #6 added RGB(440, 1, 0)
0...1...2...3...4...5...6...7...8...9...10	Bounce #7 added RGB(195, 0, 0)
0...1...2...3...4...5...6...7...8...9...10	Bounce #8 added RGB(86, 0, 0)
0...1...2...3...4...5...6...7...8...9...10	Bounce #9 added RGB(38, 0, 0)
0...1...2...3...4...5...6...7...8...9...10	Bounce #10 added RGB(17, 0, 0)
0...1...2...3...4...5...6...7...8...9...10	Bounce #11 added RGB(7, 0, 0)
0...1...2...3...4...5...6...7...8...9...10	Bounce #12 added RGB(3, 0, 0)
0...1...2...3...4...5...6...7...8...9...10	Bounce #13 added RGB(1, 0, 0)
0...1...2...3...4...5...6...7...8...9...10	Bounce #14 added RGB(1, 0, 0)
Build Patch/Sample Hash Table(s).....Done<0.0017 sec>
0...1...2...3...4...5...6...7...8...9...10FinalLightFace Done
0 of 0 (0% of) surface lights went in leaf ambient cubes.
0...1...2...3...4...5...6...7...8...9...10Writing leaf ambient...done
Ready to Finish

Object names       Objects/Maxobjs  Memory / Maxmem  Fullness 
------------       ---------------  ---------------  -------- 
models                   3/1024          144/49152    ( 0.3%) 
brushes                  9/8192          108/98304    ( 0.1%) 
brushsides              54/65536         432/524288   ( 0.1%) 
planes                  70/65536        1400/1310720  ( 0.1%) 
vertexes                60/65536         720/786432   ( 0.1%) 
nodes                   47/65536        1504/2097152  ( 0.1%) 
texinfos                13/12288         936/884736   ( 0.1%) 
texdata                  3/2048           96/65536    ( 0.1%) 
dispinfos                0/0               0/0        ( 0.0%) 
disp_verts               0/0               0/0        ( 0.0%) 
disp_tris                0/0               0/0        ( 0.0%) 
disp_lmsamples           0/0               0/0        ( 0.0%) 
faces                   46/65536        2576/3670016  ( 0.1%) 
hdr faces                0/65536           0/3670016  ( 0.0%) 
origfaces               21/65536        1176/3670016  ( 0.0%) 
leaves                  51/65536        1632/2097152  ( 0.1%) 
leaffaces               60/65536         120/131072   ( 0.1%) 
leafbrushes             22/65536          44/131072   ( 0.0%) 
areas                    2/256            16/2048     ( 0.8%) 
surfedges              280/512000       1120/2048000  ( 0.1%) 
edges                  144/256000        576/1024000  ( 0.1%) 
LDR worldlights          2/65536         176/5767168  ( 0.0%) 
HDR worldlights          0/65536           0/5767168  ( 0.0%) 
leafwaterdata            0/32768           0/393216   ( 0.0%) 
waterstrips              0/32768           0/327680   ( 0.0%) 
waterverts               0/65536           0/786432   ( 0.0%) 
waterindices             0/65536           0/131072   ( 0.0%) 
cubemapsamples           0/1024            0/16384    ( 0.0%) 
overlays                 0/8192            0/2883584  ( 0.0%) 
LDR lightdata         [variable]       59300/0        ( 0.0%) 
HDR lightdata         [variable]           0/0        ( 0.0%) 
visdata               [variable]          84/16777216 ( 0.0%) 
entdata               [variable]        3449/393216   ( 0.9%) 
LDR ambient table       51/65536         204/262144   ( 0.1%) 
HDR ambient table       51/65536         204/262144   ( 0.1%) 
LDR leaf ambient       180/65536        5040/1835008  ( 0.3%) 
HDR leaf ambient        51/65536        1428/1835008  ( 0.1%) 
occluders                0/0               0/0        ( 0.0%) 
occluder polygons        0/0               0/0        ( 0.0%) 
occluder vert ind        0/0               0/0        ( 0.0%) 
detail props          [variable]           1/12       ( 8.3%) 
static props          [variable]           1/12       ( 8.3%) 
pakfile               [variable]          54/0        ( 0.0%) 
physics               [variable]        3768/4194304  ( 0.1%) 
physics terrain       [variable]           2/1048576  ( 0.0%) 

Level flags = 0

Total triangle count: 104
Writing c:\program files (x86)\steam\steamapps\sourcemods\humanity-zero_mapbaseversion\maps\choreography.bsp
2 seconds elapsed
