PRT1
50
101
4 0 5 (2368 0 -704 ) (2368 0 -320 ) (2048 0 -320 ) (2048 0 -704 ) 
4 0 1 (2048 0 -704 ) (2048 0 -320 ) (2048 160 -320 ) (2048 160 -704 ) 
4 1 6 (2048 0 -704 ) (2048 0 -320 ) (1480 0 -320 ) (1480 0 -704 ) 
4 1 3 (1480 160 -704 ) (1480 0 -704 ) (1480 0 -320 ) (1480 160 -320 ) 
4 2 10 (1024 0 -162.415009 ) (1024 0 2384 ) (1024 160 2384 ) (1024 160 -162.415009 ) 
4 2 7 (1480 0 -162.415009 ) (1480 0 2384 ) (1024 0 2384 ) (1024 0 -162.415009 ) 
5 2 3 (1024 160 -162.415009 ) (1408 160 -162.415009 ) (1480 88 -162.415009 ) (1480 0 -162.415009 ) (1024 0 -162.415009 ) 
4 3 10 (1024 0 -704 ) (1024 0 -162.415009 ) (1024 160 -162.415009 ) (1024 160 -704 ) 
4 3 8 (1480 0 -704 ) (1480 0 -162.415009 ) (1024 0 -162.415009 ) (1024 0 -704 ) 
5 3 4 (1024 0 -704 ) (1024 160 -704 ) (1408 160 -704 ) (1480 88 -704 ) (1480 0 -704 ) 
4 4 10 (1024 0 -1472 ) (1024 0 -704 ) (1024 160 -704 ) (1024 160 -1472 ) 
4 4 9 (1480 0 -1472 ) (1480 0 -704 ) (1024 0 -704 ) (1024 0 -1472 ) 
4 5 6 (2048 0 -320 ) (2048 0 -704 ) (2048 -544 -704 ) (2048 -544 -320 ) 
4 6 8 (1480 -544 -320 ) (1480 0 -320 ) (1480 0 -704 ) (1480 -544 -704 ) 
4 7 33 (1024 -544 2384 ) (1024 0 2384 ) (1024 0 -162.415009 ) (1024 -544 -162.415009 ) 
5 7 8 (1408 -544 -162.415009 ) (1024 -544 -162.415009 ) (1024 0 -162.415009 ) (1480 0 -162.415009 ) (1480 -472 -162.415009 ) 
4 8 33 (1024 0 -162.415009 ) (1024 0 -704 ) (1024 -544 -704 ) (1024 -544 -162.415009 ) 
5 8 9 (1408 -544 -704 ) (1024 -544 -704 ) (1024 0 -704 ) (1480 0 -704 ) (1480 -472 -704 ) 
4 9 33 (1024 0 -704 ) (1024 0 -1472 ) (1024 -544 -1472 ) (1024 -544 -704 ) 
4 10 33 (1024 0 -1472 ) (1024 0 2384 ) (776 0 2384 ) (776 0 -1472 ) 
4 11 36 (760 0 128 ) (760 0 176 ) (712 0 176 ) (712 0 128 ) 
4 11 13 (712 32 176 ) (712 32 128 ) (712 0 128 ) (712 0 176 ) 
4 12 45 (760 0 0 ) (760 0 48 ) (712 0 48 ) (712 0 0 ) 
4 12 13 (712 32 48 ) (712 32 0 ) (712 0 0 ) (712 0 48 ) 
4 13 46 (528 0 48 ) (528 0 0 ) (712 0 0 ) (712 0 48 ) 
4 13 41 (528 0 128 ) (528 0 48 ) (712 0 48 ) (712 0 128 ) 
4 13 37 (712 0 176 ) (528 0 176 ) (528 0 128 ) (712 0 128 ) 
4 13 16 (528 32 48 ) (528 32 0 ) (528 0 0 ) (528 0 48 ) 
4 13 14 (528 32 176 ) (528 32 128 ) (528 0 128 ) (528 0 176 ) 
4 14 37 (528 0 176 ) (520 0 176 ) (520 0 128 ) (528 0 128 ) 
4 14 15 (520 24 128 ) (520 0 128 ) (520 0 176 ) (520 24 176 ) 
4 15 37 (520 0 176 ) (512 0 176 ) (512 0 128 ) (520 0 128 ) 
4 15 20 (512 0 128 ) (512 0 176 ) (512 24 176 ) (512 24 128 ) 
4 16 46 (520 0 0 ) (528 0 0 ) (528 0 48 ) (520 0 48 ) 
4 16 17 (520 0 48 ) (520 24 48 ) (520 24 0 ) (520 0 0 ) 
4 17 46 (512 0 48 ) (512 0 0 ) (520 0 0 ) (520 0 48 ) 
4 17 30 (512 0 0 ) (512 0 48 ) (512 24 48 ) (512 24 0 ) 
4 18 26 (264 48 128 ) (264 232 128 ) (288 232 128 ) (288 48 128 ) 
4 18 25 (264 280 128 ) (264 464 128 ) (288 464 128 ) (288 280 128 ) 
4 18 24 (480 32 128 ) (288 32 128 ) (288 512 128 ) (480 512 128 ) 
4 18 22 (512 464 128 ) (512 280 128 ) (480 280 128 ) (480 464 128 ) 
4 18 23 (512 232 128 ) (512 48 128 ) (480 48 128 ) (480 232 128 ) 
4 18 20 (288 32 128 ) (512 32 128 ) (512 32 176 ) (288 32 176 ) 
4 18 19 (264 512 176 ) (264 512 128 ) (264 40 128 ) (264 40 176 ) 
4 19 26 (264 232 128 ) (264 48 128 ) (256 48 128 ) (256 232 128 ) 
4 19 25 (264 464 128 ) (264 280 128 ) (256 280 128 ) (256 464 128 ) 
4 20 37 (512 0 128 ) (512 0 176 ) (288 0 176 ) (288 0 128 ) 
4 20 24 (480 0 128 ) (288 0 128 ) (288 32 128 ) (480 32 128 ) 
4 21 39 (240 0 176 ) (56 0 176 ) (56 0 128 ) (240 0 128 ) 
4 21 27 (240 0 128 ) (56 0 128 ) (56 16 128 ) (240 16 128 ) 
4 22 28 (512 464 48 ) (512 280 48 ) (480 280 48 ) (480 464 48 ) 
4 22 24 (480 464 48 ) (480 280 48 ) (480 280 128 ) (480 464 128 ) 
4 23 28 (512 232 48 ) (512 48 48 ) (480 48 48 ) (480 232 48 ) 
4 23 24 (480 232 48 ) (480 48 48 ) (480 48 128 ) (480 232 128 ) 
4 24 41 (480 0 128 ) (288 0 128 ) (288 0 48 ) (480 0 48 ) 
4 24 30 (480 32 48 ) (480 0 48 ) (288 0 48 ) (288 32 48 ) 
4 24 28 (480 512 48 ) (480 32 48 ) (288 32 48 ) (288 512 48 ) 
4 24 26 (288 232 48 ) (288 48 48 ) (288 48 128 ) (288 232 128 ) 
4 24 25 (288 464 48 ) (288 280 48 ) (288 280 128 ) (288 464 128 ) 
4 25 29 (256 280 48 ) (256 464 48 ) (264 464 48 ) (264 280 48 ) 
4 25 28 (264 464 48 ) (288 464 48 ) (288 280 48 ) (264 280 48 ) 
4 26 29 (256 48 48 ) (256 232 48 ) (264 232 48 ) (264 48 48 ) 
4 26 28 (264 232 48 ) (288 232 48 ) (288 48 48 ) (264 48 48 ) 
4 27 41 (240 0 128 ) (56 0 128 ) (56 0 48 ) (240 0 48 ) 
4 27 31 (240 0 48 ) (56 0 48 ) (56 16 48 ) (240 16 48 ) 
4 28 30 (288 32 0 ) (512 32 0 ) (512 32 48 ) (288 32 48 ) 
4 28 29 (264 512 48 ) (264 512 0 ) (264 40 0 ) (264 40 48 ) 
4 30 46 (512 0 0 ) (512 0 48 ) (288 0 48 ) (288 0 0 ) 
4 31 48 (240 0 48 ) (56 0 48 ) (56 0 0 ) (240 0 0 ) 
4 33 34 (776 -352 0.832161 ) (776 -352 176 ) (776 0 176 ) (776 0 0.832161 ) 
4 34 35 (768 0 0.832161 ) (768 -352 0.832161 ) (768 -352 176 ) (768 0 176 ) 
4 35 45 (760 0 48 ) (760 0 0.832161 ) (760 -320.554779 0.832161 ) (760 -352 48 ) 
4 35 41 (760 0 128 ) (760 0 48 ) (760 -352 48 ) (760 -352 128 ) 
4 35 36 (760 0 176 ) (760 0 128 ) (760 -352 128 ) (760 -320 176 ) 
4 36 41 (712 -352 128 ) (712 0 128 ) (760 0 128 ) (760 -352 128 ) 
4 36 37 (712 0 128 ) (712 -352 128 ) (712 -320 176 ) (712 0 176 ) 
4 37 43 (480 -384 128 ) (288 -384 128 ) (288 -352 128 ) (480 -352 128 ) 
4 37 42 (712 -384 128 ) (528 -384 128 ) (528 -352 128 ) (712 -352 128 ) 
4 37 41 (288 -352 128 ) (288 0 128 ) (712 0 128 ) (712 -352 128 ) 
4 37 38 (288 -0.002026 128 ) (288 -384 128 ) (288 -384 176 ) (288 -32.002075 176 ) 
4 38 41 (240 -352 128 ) (240 0 128 ) (288 0 128 ) (288 -352 128 ) 
4 38 39 (240 -0.002026 128 ) (240 -384 128 ) (240 -384 176 ) (240 -32.002075 176 ) 
4 39 44 (240 -384 128 ) (56 -384 128 ) (56 -352 128 ) (240 -352 128 ) 
4 39 41 (56 -352 128 ) (56 0 128 ) (240 0 128 ) (240 -352 128 ) 
4 39 40 (56 -0.002026 128 ) (56 -384 128 ) (56 -384 176 ) (56 -32.002075 176 ) 
4 40 41 (8 -352 128 ) (8 0 128 ) (56 0 128 ) (56 -352 128 ) 
4 41 49 (8 0 48 ) (56 0 48 ) (56 -352 48 ) (8 -352 48 ) 
4 41 48 (56 0 48 ) (240 0 48 ) (240 -352 48 ) (56 -352 48 ) 
4 41 47 (240 0 48 ) (288 0 48 ) (288 -352 48 ) (240 -352 48 ) 
4 41 46 (288 0 48 ) (712 0 48 ) (712 -352 48 ) (288 -352 48 ) 
4 41 45 (712 0 48 ) (760 0 48 ) (760 -352 48 ) (712 -352 48 ) 
4 41 43 (288 -352 48 ) (480 -352 48 ) (480 -352 128 ) (288 -352 128 ) 
4 41 44 (56 -352 48 ) (240 -352 48 ) (240 -352 128 ) (56 -352 128 ) 
4 41 42 (528 -352 48 ) (712 -352 48 ) (712 -352 128 ) (528 -352 128 ) 
4 42 46 (712 -384 48 ) (528 -384 48 ) (528 -352 48 ) (712 -352 48 ) 
4 43 46 (480 -384 48 ) (288 -384 48 ) (288 -352 48 ) (480 -352 48 ) 
4 44 48 (240 -384 48 ) (56 -384 48 ) (56 -352 48 ) (240 -352 48 ) 
4 45 46 (712 0 0 ) (712 -320 0 ) (712 -352 48 ) (712 0 48 ) 
4 46 47 (288 -32 0 ) (288 -384 0 ) (288 -384 48 ) (288 0 48 ) 
4 47 48 (240 -32 0 ) (240 -384 0 ) (240 -384 48 ) (240 0 48 ) 
4 48 49 (56 -32 0 ) (56 -384 0 ) (56 -384 48 ) (56 0 48 ) 
