19:51:40.425 INFO  Loading C:\Program Files (x86)\Steam\steamapps\common\half-life 2\episodic\maps\ep1_citadel_01.bsp
19:51:40.884 INFO  Using 'DStaticPropV5' for sprp version 5
19:51:40.979 WARN  Lump LUMP_CLIPPORTALVERTS is empty
19:51:40.996 WARN  Tried reading lump 'LUMP_DISP_MULTIBLEND', but it is not supported by the bsp's version
19:51:41.011 WARN  Lump LUMP_OVERLAY_FADES is empty
19:51:41.012 WARN  Lump LUMP_OVERLAY_SYSTEM_LEVELS is empty
19:51:41.012 INFO  BSP version: 20
19:51:41.012 INFO  Game: Half-Life 2: Episode One
19:51:41.040 INFO  No areaportals to reallocate...
19:51:41.074 INFO  No occluders to reallocate...
19:51:42.242 INFO  15703 (30.2%) exact brushside->origface matches
19:51:42.242 INFO  2/743 (nondisp/disp) original faces left after exact brushside->origface matching
19:51:42.877 INFO  684 (1.3%) partial brushside->origface matches
19:51:42.878 INFO  Writing brushes and planes
19:51:45.153 INFO  Writing displacements
19:51:45.738 INFO  Writing entities
19:51:46.467 INFO  Writing func_details
19:51:48.893 INFO  Writing info_overlays
19:51:48.905 INFO  Writing prop_statics
19:51:48.918 INFO  Writing env_cubemaps
19:51:48.920 INFO  Writing func_ladders
19:51:48.922 INFO  Finished decompiling C:\Program Files (x86)\Steam\steamapps\common\half-life 2\episodic\maps\ep1_citadel_01.bsp.
