19:51:40.543 INFO  Loading C:\Program Files (x86)\Steam\steamapps\common\half-life 2\episodic\maps\ep1_citadel_04.bsp
19:51:40.749 INFO  Using 'DStaticPropV5' for sprp version 5
19:51:40.785 WARN  Lump LUMP_CLIPPORTALVERTS is empty
19:51:40.786 WARN  Tried reading lump 'LUMP_DISP_MULTIBLEND', but it is not supported by the bsp's version
19:51:40.795 WARN  Lump LUMP_OVERLAY_FADES is empty
19:51:40.795 WARN  Lump LUMP_OVERLAY_SYSTEM_LEVELS is empty
19:51:40.796 INFO  BSP version: 20
19:51:40.796 INFO  Game: Half-Life 2: Episode One
19:51:40.810 INFO  No areaportals to reallocate...
19:51:40.831 INFO  No occluders to reallocate...
19:51:41.491 INFO  8054 (27.2%) exact brushside->origface matches
19:51:41.492 INFO  17/26 (nondisp/disp) original faces left after exact brushside->origface matching
19:51:41.794 INFO  398 (1.3%) partial brushside->origface matches
19:51:41.796 INFO  Writing brushes and planes
19:51:42.439 INFO  Writing displacements
19:51:42.474 INFO  Writing entities
19:51:44.225 INFO  Writing func_details
19:51:45.091 INFO  Writing info_overlays
19:51:45.095 INFO  Writing prop_statics
19:51:45.100 INFO  Writing env_cubemaps
19:51:45.100 INFO  Writing func_ladders
19:51:45.102 INFO  Finished decompiling C:\Program Files (x86)\Steam\steamapps\common\half-life 2\episodic\maps\ep1_citadel_04.bsp.
