19:51:44.407 INFO  Loading C:\Program Files (x86)\Steam\steamapps\common\half-life 2\episodic\maps\ep1_citadel_02b.bsp
19:51:45.094 INFO  Using 'DStaticPropV5' for sprp version 5
19:51:45.111 WARN  Tried reading lump 'LUMP_DISP_MULTIBLEND', but it is not supported by the bsp's version
19:51:45.116 WARN  Lump LUMP_OVERLAY_FADES is empty
19:51:45.117 WARN  Lump LUMP_OVERLAY_SYSTEM_LEVELS is empty
19:51:45.117 INFO  BSP version: 20
19:51:45.117 INFO  Game: Half-Life 2: Episode One
19:51:45.134 INFO  Equal amount of areaporal entities and areaportal brushes. Using 'Ordered' method
19:51:45.138 INFO  No occluders to reallocate...
19:51:45.404 INFO  5449 (32.3%) exact brushside->origface matches
19:51:45.404 INFO  0/516 (nondisp/disp) original faces left after exact brushside->origface matching
19:51:45.527 INFO  658 (3.9%) partial brushside->origface matches
19:51:45.527 INFO  Writing brushes and planes
19:51:45.993 INFO  Writing displacements
19:51:46.565 INFO  Writing entities
19:51:47.060 INFO  Writing func_details
19:51:48.006 INFO  Writing info_overlays
19:51:48.007 INFO  Writing prop_statics
19:51:48.009 INFO  Writing env_cubemaps
19:51:48.011 INFO  Writing func_ladders
19:51:48.060 INFO  Finished decompiling C:\Program Files (x86)\Steam\steamapps\common\half-life 2\episodic\maps\ep1_citadel_02b.bsp.
