14:11:32.068 INFO  Loading C:\Program Files (x86)\Steam\steamapps\common\half-life 2\episodic\maps\ep1_c17_00a.bsp
14:11:32.325 INFO  Using 'DStaticPropV5' for sprp version 5
14:11:32.344 WARN  Tried reading lump 'LUMP_DISP_MULTIBLEND', but it is not supported by the bsp's version
14:11:32.362 WARN  Lump LUMP_OVERLAY_FADES is empty
14:11:32.363 WARN  Lump LUMP_OVERLAY_SYSTEM_LEVELS is empty
14:11:32.363 INFO  BSP version: 20
14:11:32.364 INFO  Game: Half-Life 2: Episode One
14:11:32.375 INFO  Equal amount of areaporal entities and areaportal brushes. Using 'Ordered' method
14:11:32.378 INFO  No occluders to reallocate...
14:11:32.774 INFO  5823 (39.3%) exact brushside->origface matches
14:11:32.775 INFO  2/233 (nondisp/disp) original faces left after exact brushside->origface matching
14:11:32.938 INFO  212 (1.4%) partial brushside->origface matches
14:11:32.939 INFO  Writing brushes and planes
14:11:33.326 INFO  Writing displacements
14:11:33.548 INFO  Writing entities
14:11:33.706 INFO  Writing func_details
14:11:34.185 INFO  Writing info_overlays
14:11:34.205 INFO  Writing prop_statics
14:11:34.233 INFO  Writing env_cubemaps
14:11:34.235 INFO  Writing func_ladders
14:11:34.236 INFO  Finished decompiling C:\Program Files (x86)\Steam\steamapps\common\half-life 2\episodic\maps\ep1_c17_00a.bsp.
