


materialPath: C:\Program Files (x86)\Steam\steamapps\sourcemods\Humanity-Zero_mapbaseversion\materials
Loading C:\Program Files (x86)\Steam\steamapps\sourcemods\Humanity-Zero_mapbaseversion\maps\pseudomap.vmf
fixing up env_cubemap materials on brush sides...
0...1...2...3...4...5...6...7...8...9...100...1...2...3...4...5...6...7...8...9...10Processing areas...done (0)
Building Faces...done (0)
FixTjuncs...
PruneNodes...
WriteBSP...
done (0)
writing C:\Program Files (x86)\Steam\steamapps\sourcemods\Humanity-Zero_mapbaseversion\maps\pseudomap.prt...Building visibility clusters...
done (0)
Finding displacement neighbors...
Finding lightmap sample positions...
Displacement Alpha : 0...1...2...3...4...5...6...7...8...9...10
Building Physics collision data...
done (0) (10825 bytes)
Placing static props...
Placing detail props : 0...1...2...3...4...5...6...7...8...9...10
Compacting texture/material tables...
Reduced 17 texinfos to 10
Reduced 4 texdatas to 4 (87 bytes to 87)
Writing C:\Program Files (x86)\Steam\steamapps\sourcemods\Humanity-Zero_mapbaseversion\maps\pseudomap.bsp
1 second elapsed



4 threads
reading c:\program files (x86)\steam\steamapps\sourcemods\humanity-zero_mapbaseversion\maps\pseudomap.bsp
reading c:\program files (x86)\steam\steamapps\sourcemods\humanity-zero_mapbaseversion\maps\pseudomap.prt
  25 portalclusters
  54 numportals
0...1...2...3...4...5...6...7...8...9...100...1...2...3...4...5...6...7...8...9...10Optimized: 0 visible clusters (0.00%)
Total clusters visible: 521
Average clusters visible: 20
Building PAS...
Average clusters audible: 25
visdatasize:404  compressed from 400
writing c:\program files (x86)\steam\steamapps\sourcemods\humanity-zero_mapbaseversion\maps\pseudomap.bsp
0 seconds elapsed



[Reading texlights from 'lights.rad']
[45 texlights parsed from 'lights.rad']

Loading c:\program files (x86)\steam\steamapps\sourcemods\humanity-zero_mapbaseversion\maps\pseudomap.bsp
71 faces
48781 square feet [7024530.00 square inches]
0 Displacements
0 Square Feet [0.00 Square Inches]
71 patches before subdivision
3853 patches after subdivision
2 direct lights
0...1...2...3...4...5...6...7...8...9...100...1...2...3...4...5...6...7...8...9...10transfers 188764, max 244
transfer lists:   1.4 megs
0...1...2...3...4...5...6...7...8...9...10	Bounce #1 added RGB(21258, 9251, 4644)
0...1...2...3...4...5...6...7...8...9...10	Bounce #2 added RGB(7454, 1399, 303)
0...1...2...3...4...5...6...7...8...9...10	Bounce #3 added RGB(2747, 214, 18)
0...1...2...3...4...5...6...7...8...9...10	Bounce #4 added RGB(1024, 33, 1)
0...1...2...3...4...5...6...7...8...9...10	Bounce #5 added RGB(385, 5, 0)
0...1...2...3...4...5...6...7...8...9...10	Bounce #6 added RGB(145, 1, 0)
0...1...2...3...4...5...6...7...8...9...10	Bounce #7 added RGB(55, 0, 0)
0...1...2...3...4...5...6...7...8...9...10	Bounce #8 added RGB(21, 0, 0)
0...1...2...3...4...5...6...7...8...9...10	Bounce #9 added RGB(8, 0, 0)
0...1...2...3...4...5...6...7...8...9...10	Bounce #10 added RGB(3, 0, 0)
0...1...2...3...4...5...6...7...8...9...10	Bounce #11 added RGB(1, 0, 0)
0...1...2...3...4...5...6...7...8...9...10	Bounce #12 added RGB(0, 0, 0)
Build Patch/Sample Hash Table(s).....Done<0.0007 sec>
0...1...2...3...4...5...6...7...8...9...10FinalLightFace Done
0 of 0 (0% of) surface lights went in leaf ambient cubes.
0...1...2...3...4...5...6...7...8...9...10Writing leaf ambient...done
Ready to Finish

Object names       Objects/Maxobjs  Memory / Maxmem  Fullness 
------------       ---------------  ---------------  -------- 
models                   2/1024           96/49152    ( 0.2%) 
brushes                 27/8192          324/98304    ( 0.3%) 
brushsides             170/65536        1360/524288   ( 0.3%) 
planes                 252/65536        5040/1310720  ( 0.4%) 
vertexes               182/65536        2184/786432   ( 0.3%) 
nodes                  132/65536        4224/2097152  ( 0.2%) 
texinfos                10/12288         720/884736   ( 0.1%) 
texdata                  4/2048          128/65536    ( 0.2%) 
dispinfos                0/0               0/0        ( 0.0%) 
disp_verts               0/0               0/0        ( 0.0%) 
disp_tris                0/0               0/0        ( 0.0%) 
disp_lmsamples           0/0               0/0        ( 0.0%) 
faces                   71/65536        3976/3670016  ( 0.1%) 
hdr faces                0/65536           0/3670016  ( 0.0%) 
origfaces               36/65536        2016/3670016  ( 0.1%) 
leaves                 135/65536        4320/2097152  ( 0.2%) 
leaffaces               99/65536         198/131072   ( 0.2%) 
leafbrushes            173/65536         346/131072   ( 0.3%) 
areas                    2/256            16/2048     ( 0.8%) 
surfedges              468/512000       1872/2048000  ( 0.1%) 
edges                  301/256000       1204/1024000  ( 0.1%) 
LDR worldlights          2/65536         176/5767168  ( 0.0%) 
HDR worldlights          0/65536           0/5767168  ( 0.0%) 
leafwaterdata            0/32768           0/393216   ( 0.0%) 
waterstrips              5/32768          50/327680   ( 0.0%) 
waterverts               0/65536           0/786432   ( 0.0%) 
waterindices            78/65536         156/131072   ( 0.1%) 
cubemapsamples           0/1024            0/16384    ( 0.0%) 
overlays                 0/8192            0/2883584  ( 0.0%) 
LDR lightdata         [variable]       52096/0        ( 0.0%) 
HDR lightdata         [variable]           0/0        ( 0.0%) 
visdata               [variable]         404/16777216 ( 0.0%) 
entdata               [variable]        2697/393216   ( 0.7%) 
LDR ambient table      135/65536         540/262144   ( 0.2%) 
HDR ambient table      135/65536         540/262144   ( 0.2%) 
LDR leaf ambient       438/65536       12264/1835008  ( 0.7%) 
HDR leaf ambient       135/65536        3780/1835008  ( 0.2%) 
occluders                0/0               0/0        ( 0.0%) 
occluder polygons        0/0               0/0        ( 0.0%) 
occluder vert ind        0/0               0/0        ( 0.0%) 
detail props          [variable]           1/12       ( 8.3%) 
static props          [variable]           1/12       ( 8.3%) 
pakfile               [variable]          54/0        ( 0.0%) 
physics               [variable]       10825/4194304  ( 0.3%) 
physics terrain       [variable]           2/1048576  ( 0.0%) 

Level flags = 0

Total triangle count: 184
Writing c:\program files (x86)\steam\steamapps\sourcemods\humanity-zero_mapbaseversion\maps\pseudomap.bsp
1 second elapsed



materialPath: C:\Program Files (x86)\Steam\steamapps\sourcemods\Humanity-Zero_mapbaseversion\materials
Loading C:\Program Files (x86)\Steam\steamapps\sourcemods\Humanity-Zero_mapbaseversion\maps\pseudomap.vmf
fixing up env_cubemap materials on brush sides...
0...1...2...3...4...5...6...7...8...9...100...1...2...3...4...5...6...7...8...9...10Processing areas...done (0)
Building Faces...done (0)
FixTjuncs...
PruneNodes...
WriteBSP...
done (0)
writing C:\Program Files (x86)\Steam\steamapps\sourcemods\Humanity-Zero_mapbaseversion\maps\pseudomap.prt...Building visibility clusters...
done (0)
Finding displacement neighbors...
Finding lightmap sample positions...
Displacement Alpha : 0...1...2...3...4...5...6...7...8...9...10
Building Physics collision data...
done (0) (10825 bytes)
Placing static props...
Placing detail props : 0...1...2...3...4...5...6...7...8...9...10
Compacting texture/material tables...
Reduced 17 texinfos to 10
Reduced 4 texdatas to 4 (87 bytes to 87)
Writing C:\Program Files (x86)\Steam\steamapps\sourcemods\Humanity-Zero_mapbaseversion\maps\pseudomap.bsp
0 seconds elapsed



4 threads
reading c:\program files (x86)\steam\steamapps\sourcemods\humanity-zero_mapbaseversion\maps\pseudomap.bsp
reading c:\program files (x86)\steam\steamapps\sourcemods\humanity-zero_mapbaseversion\maps\pseudomap.prt
  25 portalclusters
  54 numportals
0...1...2...3...4...5...6...7...8...9...100...1...2...3...4...5...6...7...8...9...10Optimized: 0 visible clusters (0.00%)
Total clusters visible: 521
Average clusters visible: 20
Building PAS...
Average clusters audible: 25
visdatasize:404  compressed from 400
writing c:\program files (x86)\steam\steamapps\sourcemods\humanity-zero_mapbaseversion\maps\pseudomap.bsp
0 seconds elapsed



[Reading texlights from 'lights.rad']
[45 texlights parsed from 'lights.rad']

Loading c:\program files (x86)\steam\steamapps\sourcemods\humanity-zero_mapbaseversion\maps\pseudomap.bsp
71 faces
48781 square feet [7024530.00 square inches]
0 Displacements
0 Square Feet [0.00 Square Inches]
71 patches before subdivision
3853 patches after subdivision
2 direct lights
0...1...2...3...4...5...6...7...8...9...100...1...2...3...4...5...6...7...8...9...10transfers 188764, max 244
transfer lists:   1.4 megs
0...1...2...3...4...5...6...7...8...9...10	Bounce #1 added RGB(21258, 9251, 4644)
0...1...2...3...4...5...6...7...8...9...10	Bounce #2 added RGB(7454, 1399, 303)
0...1...2...3...4...5...6...7...8...9...10	Bounce #3 added RGB(2747, 214, 18)
0...1...2...3...4...5...6...7...8...9...10	Bounce #4 added RGB(1024, 33, 1)
0...1...2...3...4...5...6...7...8...9...10	Bounce #5 added RGB(385, 5, 0)
0...1...2...3...4...5...6...7...8...9...10	Bounce #6 added RGB(145, 1, 0)
0...1...2...3...4...5...6...7...8...9...10	Bounce #7 added RGB(55, 0, 0)
0...1...2...3...4...5...6...7...8...9...10	Bounce #8 added RGB(21, 0, 0)
0...1...2...3...4...5...6...7...8...9...10	Bounce #9 added RGB(8, 0, 0)
0...1...2...3...4...5...6...7...8...9...10	Bounce #10 added RGB(3, 0, 0)
0...1...2...3...4...5...6...7...8...9...10	Bounce #11 added RGB(1, 0, 0)
0...1...2...3...4...5...6...7...8...9...10	Bounce #12 added RGB(0, 0, 0)
Build Patch/Sample Hash Table(s).....Done<0.0019 sec>
0...1...2...3...4...5...6...7...8...9...10FinalLightFace Done
0 of 0 (0% of) surface lights went in leaf ambient cubes.
0...1...2...3...4...5...6...7...8...9...10Writing leaf ambient...done
Ready to Finish

Object names       Objects/Maxobjs  Memory / Maxmem  Fullness 
------------       ---------------  ---------------  -------- 
models                   2/1024           96/49152    ( 0.2%) 
brushes                 27/8192          324/98304    ( 0.3%) 
brushsides             170/65536        1360/524288   ( 0.3%) 
planes                 252/65536        5040/1310720  ( 0.4%) 
vertexes               182/65536        2184/786432   ( 0.3%) 
nodes                  132/65536        4224/2097152  ( 0.2%) 
texinfos                10/12288         720/884736   ( 0.1%) 
texdata                  4/2048          128/65536    ( 0.2%) 
dispinfos                0/0               0/0        ( 0.0%) 
disp_verts               0/0               0/0        ( 0.0%) 
disp_tris                0/0               0/0        ( 0.0%) 
disp_lmsamples           0/0               0/0        ( 0.0%) 
faces                   71/65536        3976/3670016  ( 0.1%) 
hdr faces                0/65536           0/3670016  ( 0.0%) 
origfaces               36/65536        2016/3670016  ( 0.1%) 
leaves                 135/65536        4320/2097152  ( 0.2%) 
leaffaces               99/65536         198/131072   ( 0.2%) 
leafbrushes            173/65536         346/131072   ( 0.3%) 
areas                    2/256            16/2048     ( 0.8%) 
surfedges              468/512000       1872/2048000  ( 0.1%) 
edges                  301/256000       1204/1024000  ( 0.1%) 
LDR worldlights          2/65536         176/5767168  ( 0.0%) 
HDR worldlights          0/65536           0/5767168  ( 0.0%) 
leafwaterdata            0/32768           0/393216   ( 0.0%) 
waterstrips              5/32768          50/327680   ( 0.0%) 
waterverts               0/65536           0/786432   ( 0.0%) 
waterindices            78/65536         156/131072   ( 0.1%) 
cubemapsamples           0/1024            0/16384    ( 0.0%) 
overlays                 0/8192            0/2883584  ( 0.0%) 
LDR lightdata         [variable]       52096/0        ( 0.0%) 
HDR lightdata         [variable]           0/0        ( 0.0%) 
visdata               [variable]         404/16777216 ( 0.0%) 
entdata               [variable]        2698/393216   ( 0.7%) 
LDR ambient table      135/65536         540/262144   ( 0.2%) 
HDR ambient table      135/65536         540/262144   ( 0.2%) 
LDR leaf ambient       438/65536       12264/1835008  ( 0.7%) 
HDR leaf ambient       135/65536        3780/1835008  ( 0.2%) 
occluders                0/0               0/0        ( 0.0%) 
occluder polygons        0/0               0/0        ( 0.0%) 
occluder vert ind        0/0               0/0        ( 0.0%) 
detail props          [variable]           1/12       ( 8.3%) 
static props          [variable]           1/12       ( 8.3%) 
pakfile               [variable]          54/0        ( 0.0%) 
physics               [variable]       10825/4194304  ( 0.3%) 
physics terrain       [variable]           2/1048576  ( 0.0%) 

Level flags = 0

Total triangle count: 184
Writing c:\program files (x86)\steam\steamapps\sourcemods\humanity-zero_mapbaseversion\maps\pseudomap.bsp
3 seconds elapsed



materialPath: C:\Program Files (x86)\Steam\steamapps\sourcemods\Humanity-Zero_mapbaseversion\materials
Loading C:\Program Files (x86)\Steam\steamapps\sourcemods\Humanity-Zero_mapbaseversion\maps\pseudomap.vmf
fixing up env_cubemap materials on brush sides...
0...1...2...3...4...5...6...7...8...9...100...1...2...3...4...5...6...7...8...9...10Processing areas...done (0)
Building Faces...done (0)
FixTjuncs...
PruneNodes...
WriteBSP...
done (0)
writing C:\Program Files (x86)\Steam\steamapps\sourcemods\Humanity-Zero_mapbaseversion\maps\pseudomap.prt...Building visibility clusters...
done (0)
Finding displacement neighbors...
Finding lightmap sample positions...
Displacement Alpha : 0...1...2...3...4...5...6...7...8...9...10
Building Physics collision data...
done (0) (10825 bytes)
Placing static props...
Placing detail props : 0...1...2...3...4...5...6...7...8...9...10
Compacting texture/material tables...
Reduced 17 texinfos to 10
Reduced 4 texdatas to 4 (87 bytes to 87)
Writing C:\Program Files (x86)\Steam\steamapps\sourcemods\Humanity-Zero_mapbaseversion\maps\pseudomap.bsp
0 seconds elapsed



4 threads
reading c:\program files (x86)\steam\steamapps\sourcemods\humanity-zero_mapbaseversion\maps\pseudomap.bsp
reading c:\program files (x86)\steam\steamapps\sourcemods\humanity-zero_mapbaseversion\maps\pseudomap.prt
  25 portalclusters
  54 numportals
0...1...2...3...4...5...6...7...8...9...100...1...2...3...4...5...6...7...8...9...10Optimized: 0 visible clusters (0.00%)
Total clusters visible: 521
Average clusters visible: 20
Building PAS...
Average clusters audible: 25
visdatasize:404  compressed from 400
writing c:\program files (x86)\steam\steamapps\sourcemods\humanity-zero_mapbaseversion\maps\pseudomap.bsp
0 seconds elapsed



[Reading texlights from 'lights.rad']
[45 texlights parsed from 'lights.rad']

Loading c:\program files (x86)\steam\steamapps\sourcemods\humanity-zero_mapbaseversion\maps\pseudomap.bsp
71 faces
48781 square feet [7024530.00 square inches]
0 Displacements
0 Square Feet [0.00 Square Inches]
71 patches before subdivision
3853 patches after subdivision
2 direct lights
0...1...2...3...4...5...6...7...8...9...100...1...2...3...4...5...6...7...8...9...10transfers 188764, max 244
transfer lists:   1.4 megs
0...1...2...3...4...5...6...7...8...9...10	Bounce #1 added RGB(21258, 9251, 4644)
0...1...2...3...4...5...6...7...8...9...10	Bounce #2 added RGB(7454, 1399, 303)
0...1...2...3...4...5...6...7...8...9...10	Bounce #3 added RGB(2747, 214, 18)
0...1...2...3...4...5...6...7...8...9...10	Bounce #4 added RGB(1024, 33, 1)
0...1...2...3...4...5...6...7...8...9...10	Bounce #5 added RGB(385, 5, 0)
0...1...2...3...4...5...6...7...8...9...10	Bounce #6 added RGB(145, 1, 0)
0...1...2...3...4...5...6...7...8...9...10	Bounce #7 added RGB(55, 0, 0)
0...1...2...3...4...5...6...7...8...9...10	Bounce #8 added RGB(21, 0, 0)
0...1...2...3...4...5...6...7...8...9...10	Bounce #9 added RGB(8, 0, 0)
0...1...2...3...4...5...6...7...8...9...10	Bounce #10 added RGB(3, 0, 0)
0...1...2...3...4...5...6...7...8...9...10	Bounce #11 added RGB(1, 0, 0)
0...1...2...3...4...5...6...7...8...9...10	Bounce #12 added RGB(0, 0, 0)
Build Patch/Sample Hash Table(s).....Done<0.0008 sec>
0...1...2...3...4...5...6...7...8...9...10FinalLightFace Done
0 of 0 (0% of) surface lights went in leaf ambient cubes.
0...1...2...3...4...5...6...7...8...9...10Writing leaf ambient...done
Ready to Finish

Object names       Objects/Maxobjs  Memory / Maxmem  Fullness 
------------       ---------------  ---------------  -------- 
models                   2/1024           96/49152    ( 0.2%) 
brushes                 27/8192          324/98304    ( 0.3%) 
brushsides             170/65536        1360/524288   ( 0.3%) 
planes                 252/65536        5040/1310720  ( 0.4%) 
vertexes               182/65536        2184/786432   ( 0.3%) 
nodes                  132/65536        4224/2097152  ( 0.2%) 
texinfos                10/12288         720/884736   ( 0.1%) 
texdata                  4/2048          128/65536    ( 0.2%) 
dispinfos                0/0               0/0        ( 0.0%) 
disp_verts               0/0               0/0        ( 0.0%) 
disp_tris                0/0               0/0        ( 0.0%) 
disp_lmsamples           0/0               0/0        ( 0.0%) 
faces                   71/65536        3976/3670016  ( 0.1%) 
hdr faces                0/65536           0/3670016  ( 0.0%) 
origfaces               36/65536        2016/3670016  ( 0.1%) 
leaves                 135/65536        4320/2097152  ( 0.2%) 
leaffaces               99/65536         198/131072   ( 0.2%) 
leafbrushes            173/65536         346/131072   ( 0.3%) 
areas                    2/256            16/2048     ( 0.8%) 
surfedges              468/512000       1872/2048000  ( 0.1%) 
edges                  301/256000       1204/1024000  ( 0.1%) 
LDR worldlights          2/65536         176/5767168  ( 0.0%) 
HDR worldlights          0/65536           0/5767168  ( 0.0%) 
leafwaterdata            0/32768           0/393216   ( 0.0%) 
waterstrips              5/32768          50/327680   ( 0.0%) 
waterverts               0/65536           0/786432   ( 0.0%) 
waterindices            78/65536         156/131072   ( 0.1%) 
cubemapsamples           0/1024            0/16384    ( 0.0%) 
overlays                 0/8192            0/2883584  ( 0.0%) 
LDR lightdata         [variable]       52096/0        ( 0.0%) 
HDR lightdata         [variable]           0/0        ( 0.0%) 
visdata               [variable]         404/16777216 ( 0.0%) 
entdata               [variable]        2696/393216   ( 0.7%) 
LDR ambient table      135/65536         540/262144   ( 0.2%) 
HDR ambient table      135/65536         540/262144   ( 0.2%) 
LDR leaf ambient       438/65536       12264/1835008  ( 0.7%) 
HDR leaf ambient       135/65536        3780/1835008  ( 0.2%) 
occluders                0/0               0/0        ( 0.0%) 
occluder polygons        0/0               0/0        ( 0.0%) 
occluder vert ind        0/0               0/0        ( 0.0%) 
detail props          [variable]           1/12       ( 8.3%) 
static props          [variable]           1/12       ( 8.3%) 
pakfile               [variable]          54/0        ( 0.0%) 
physics               [variable]       10825/4194304  ( 0.3%) 
physics terrain       [variable]           2/1048576  ( 0.0%) 

Level flags = 0

Total triangle count: 184
Writing c:\program files (x86)\steam\steamapps\sourcemods\humanity-zero_mapbaseversion\maps\pseudomap.bsp
1 second elapsed



materialPath: C:\Program Files (x86)\Steam\steamapps\sourcemods\Humanity-Zero_mapbaseversion\materials
Loading C:\Program Files (x86)\Steam\steamapps\sourcemods\Humanity-Zero_mapbaseversion\maps\pseudomap.vmf
fixing up env_cubemap materials on brush sides...
0...1...2...3...4...5...6...7...8...9...100...1...2...3...4...5...6...7...8...9...10Processing areas...done (0)
Building Faces...done (0)
FixTjuncs...
PruneNodes...
WriteBSP...
done (0)
writing C:\Program Files (x86)\Steam\steamapps\sourcemods\Humanity-Zero_mapbaseversion\maps\pseudomap.prt...Building visibility clusters...
done (0)
Finding displacement neighbors...
Finding lightmap sample positions...
Displacement Alpha : 0...1...2...3...4...5...6...7...8...9...10
Building Physics collision data...
done (0) (19923 bytes)
Placing static props...
Placing detail props : 0...1...2...3...4...5...6...7...8...9...10
Compacting texture/material tables...
Reduced 88 texinfos to 41
Reduced 6 texdatas to 6 (133 bytes to 133)
Writing C:\Program Files (x86)\Steam\steamapps\sourcemods\Humanity-Zero_mapbaseversion\maps\pseudomap.bsp
0 seconds elapsed



4 threads
reading c:\program files (x86)\steam\steamapps\sourcemods\humanity-zero_mapbaseversion\maps\pseudomap.bsp
reading c:\program files (x86)\steam\steamapps\sourcemods\humanity-zero_mapbaseversion\maps\pseudomap.prt
  52 portalclusters
 119 numportals
0...1...2...3...4...5...6...7...8...9...100...1...2...3...4...5...6...7...8...9...10Optimized: 0 visible clusters (0.00%)
Total clusters visible: 2610
Average clusters visible: 50
Building PAS...
Average clusters audible: 52
visdatasize:1148  compressed from 832
writing c:\program files (x86)\steam\steamapps\sourcemods\humanity-zero_mapbaseversion\maps\pseudomap.bsp
0 seconds elapsed



[Reading texlights from 'lights.rad']
[45 texlights parsed from 'lights.rad']

Loading c:\program files (x86)\steam\steamapps\sourcemods\humanity-zero_mapbaseversion\maps\pseudomap.bsp
217 faces
558227 square feet [80384712.00 square inches]
0 Displacements
0 Square Feet [0.00 Square Inches]
217 patches before subdivision
6327 patches after subdivision
3 direct lights
0...1...2...3...4...5...6...7...8...9...100...1...2...3...4...5...6...7...8...9...10transfers 188887, max 244
transfer lists:   1.4 megs
0...1...2...3...4...5...6...7...8...9...10	Bounce #1 added RGB(21258, 9251, 4644)
0...1...2...3...4...5...6...7...8...9...10	Bounce #2 added RGB(7454, 1399, 303)
0...1...2...3...4...5...6...7...8...9...10	Bounce #3 added RGB(2747, 214, 18)
0...1...2...3...4...5...6...7...8...9...10	Bounce #4 added RGB(1024, 33, 1)
0...1...2...3...4...5...6...7...8...9...10	Bounce #5 added RGB(385, 5, 0)
0...1...2...3...4...5...6...7...8...9...10	Bounce #6 added RGB(145, 1, 0)
0...1...2...3...4...5...6...7...8...9...10	Bounce #7 added RGB(55, 0, 0)
0...1...2...3...4...5...6...7...8...9...10	Bounce #8 added RGB(21, 0, 0)
0...1...2...3...4...5...6...7...8...9...10	Bounce #9 added RGB(8, 0, 0)
0...1...2...3...4...5...6...7...8...9...10	Bounce #10 added RGB(3, 0, 0)
0...1...2...3...4...5...6...7...8...9...10	Bounce #11 added RGB(1, 0, 0)
0...1...2...3...4...5...6...7...8...9...10	Bounce #12 added RGB(0, 0, 0)
Build Patch/Sample Hash Table(s).....Done<0.0016 sec>
0...1...2...3...4...5...6...7...8...9...10FinalLightFace Done
0 of 0 (0% of) surface lights went in leaf ambient cubes.
0...1...2...3...4...5...6...7...8...9...10Writing leaf ambient...done
Ready to Finish

Object names       Objects/Maxobjs  Memory / Maxmem  Fullness 
------------       ---------------  ---------------  -------- 
models                   5/1024          240/49152    ( 0.5%) 
brushes                 45/8192          540/98304    ( 0.5%) 
brushsides             307/65536        2456/524288   ( 0.5%) 
planes                 492/65536        9840/1310720  ( 0.8%) 
vertexes               400/65536        4800/786432   ( 0.6%) 
nodes                  279/65536        8928/2097152  ( 0.4%) 
texinfos                41/12288        2952/884736   ( 0.3%) 
texdata                  6/2048          192/65536    ( 0.3%) 
dispinfos                0/0               0/0        ( 0.0%) 
disp_verts               0/0               0/0        ( 0.0%) 
disp_tris                0/0               0/0        ( 0.0%) 
disp_lmsamples           0/0               0/0        ( 0.0%) 
faces                  217/65536       12152/3670016  ( 0.3%) 
hdr faces                0/65536           0/3670016  ( 0.0%) 
origfaces               99/65536        5544/3670016  ( 0.2%) 
leaves                 285/65536        9120/2097152  ( 0.4%) 
leaffaces              246/65536         492/131072   ( 0.4%) 
leafbrushes            216/65536         432/131072   ( 0.3%) 
areas                    2/256            16/2048     ( 0.8%) 
surfedges             1378/512000       5512/2048000  ( 0.3%) 
edges                  793/256000       3172/1024000  ( 0.3%) 
LDR worldlights          3/65536         264/5767168  ( 0.0%) 
HDR worldlights          0/65536           0/5767168  ( 0.0%) 
leafwaterdata            0/32768           0/393216   ( 0.0%) 
waterstrips              7/32768          70/327680   ( 0.0%) 
waterverts               0/65536           0/786432   ( 0.0%) 
waterindices           108/65536         216/131072   ( 0.2%) 
cubemapsamples           0/1024            0/16384    ( 0.0%) 
overlays                 0/8192            0/2883584  ( 0.0%) 
LDR lightdata         [variable]       90752/0        ( 0.0%) 
HDR lightdata         [variable]           0/0        ( 0.0%) 
visdata               [variable]        1148/16777216 ( 0.0%) 
entdata               [variable]        4705/393216   ( 1.2%) 
LDR ambient table      285/65536        1140/262144   ( 0.4%) 
HDR ambient table      285/65536        1140/262144   ( 0.4%) 
LDR leaf ambient       770/65536       21560/1835008  ( 1.2%) 
HDR leaf ambient       285/65536        7980/1835008  ( 0.4%) 
occluders                0/0               0/0        ( 0.0%) 
occluder polygons        0/0               0/0        ( 0.0%) 
occluder vert ind        0/0               0/0        ( 0.0%) 
detail props          [variable]           1/12       ( 8.3%) 
static props          [variable]           1/12       ( 8.3%) 
pakfile               [variable]          54/0        ( 0.0%) 
physics               [variable]       19923/4194304  ( 0.5%) 
physics terrain       [variable]           2/1048576  ( 0.0%) 

Level flags = 0

Total triangle count: 550
Writing c:\program files (x86)\steam\steamapps\sourcemods\humanity-zero_mapbaseversion\maps\pseudomap.bsp
1 second elapsed



materialPath: C:\Program Files (x86)\Steam\steamapps\sourcemods\Humanity-Zero_mapbaseversion\materials
Loading C:\Program Files (x86)\Steam\steamapps\sourcemods\Humanity-Zero_mapbaseversion\maps\pseudomap.vmf
fixing up env_cubemap materials on brush sides...
0...1...2...3...4...5...6...7...8...9...100...1...2...3...4...5...6...7...8...9...10Processing areas...done (0)
Building Faces...done (0)
FixTjuncs...
PruneNodes...
WriteBSP...
done (0)
writing C:\Program Files (x86)\Steam\steamapps\sourcemods\Humanity-Zero_mapbaseversion\maps\pseudomap.prt...Building visibility clusters...
done (0)
Finding displacement neighbors...
Finding lightmap sample positions...
Displacement Alpha : 0...1...2...3...4...5...6...7...8...9...10
Building Physics collision data...
done (0) (19923 bytes)
Placing static props...
Placing detail props : 0...1...2...3...4...5...6...7...8...9...10
Compacting texture/material tables...
Reduced 88 texinfos to 41
Reduced 6 texdatas to 6 (133 bytes to 133)
Writing C:\Program Files (x86)\Steam\steamapps\sourcemods\Humanity-Zero_mapbaseversion\maps\pseudomap.bsp
1 second elapsed



4 threads
reading c:\program files (x86)\steam\steamapps\sourcemods\humanity-zero_mapbaseversion\maps\pseudomap.bsp
reading c:\program files (x86)\steam\steamapps\sourcemods\humanity-zero_mapbaseversion\maps\pseudomap.prt
  52 portalclusters
 119 numportals
0...1...2...3...4...5...6...7...8...9...100...1...2...3...4...5...6...7...8...9...10Optimized: 0 visible clusters (0.00%)
Total clusters visible: 2610
Average clusters visible: 50
Building PAS...
Average clusters audible: 52
visdatasize:1148  compressed from 832
writing c:\program files (x86)\steam\steamapps\sourcemods\humanity-zero_mapbaseversion\maps\pseudomap.bsp
0 seconds elapsed



[Reading texlights from 'lights.rad']
[45 texlights parsed from 'lights.rad']

Loading c:\program files (x86)\steam\steamapps\sourcemods\humanity-zero_mapbaseversion\maps\pseudomap.bsp
217 faces
558227 square feet [80384712.00 square inches]
0 Displacements
0 Square Feet [0.00 Square Inches]
217 patches before subdivision
6327 patches after subdivision
3 direct lights
0...1...2...3...4...5...6...7...8...9...100...1...2...3...4...5...6...7...8...9...10transfers 188887, max 244
transfer lists:   1.4 megs
0...1...2...3...4...5...6...7...8...9...10	Bounce #1 added RGB(21258, 9251, 4644)
0...1...2...3...4...5...6...7...8...9...10	Bounce #2 added RGB(7454, 1399, 303)
0...1...2...3...4...5...6...7...8...9...10	Bounce #3 added RGB(2747, 214, 18)
0...1...2...3...4...5...6...7...8...9...10	Bounce #4 added RGB(1024, 33, 1)
0...1...2...3...4...5...6...7...8...9...10	Bounce #5 added RGB(385, 5, 0)
0...1...2...3...4...5...6...7...8...9...10	Bounce #6 added RGB(145, 1, 0)
0...1...2...3...4...5...6...7...8...9...10	Bounce #7 added RGB(55, 0, 0)
0...1...2...3...4...5...6...7...8...9...10	Bounce #8 added RGB(21, 0, 0)
0...1...2...3...4...5...6...7...8...9...10	Bounce #9 added RGB(8, 0, 0)
0...1...2...3...4...5...6...7...8...9...10	Bounce #10 added RGB(3, 0, 0)
0...1...2...3...4...5...6...7...8...9...10	Bounce #11 added RGB(1, 0, 0)
0...1...2...3...4...5...6...7...8...9...10	Bounce #12 added RGB(0, 0, 0)
Build Patch/Sample Hash Table(s).....Done<0.0013 sec>
0...1...2...3...4...5...6...7...8...9...10FinalLightFace Done
0 of 0 (0% of) surface lights went in leaf ambient cubes.
0...1...2...3...4...5...6...7...8...9...10Writing leaf ambient...done
Ready to Finish

Object names       Objects/Maxobjs  Memory / Maxmem  Fullness 
------------       ---------------  ---------------  -------- 
models                   5/1024          240/49152    ( 0.5%) 
brushes                 45/8192          540/98304    ( 0.5%) 
brushsides             307/65536        2456/524288   ( 0.5%) 
planes                 492/65536        9840/1310720  ( 0.8%) 
vertexes               400/65536        4800/786432   ( 0.6%) 
nodes                  279/65536        8928/2097152  ( 0.4%) 
texinfos                41/12288        2952/884736   ( 0.3%) 
texdata                  6/2048          192/65536    ( 0.3%) 
dispinfos                0/0               0/0        ( 0.0%) 
disp_verts               0/0               0/0        ( 0.0%) 
disp_tris                0/0               0/0        ( 0.0%) 
disp_lmsamples           0/0               0/0        ( 0.0%) 
faces                  217/65536       12152/3670016  ( 0.3%) 
hdr faces                0/65536           0/3670016  ( 0.0%) 
origfaces               99/65536        5544/3670016  ( 0.2%) 
leaves                 285/65536        9120/2097152  ( 0.4%) 
leaffaces              246/65536         492/131072   ( 0.4%) 
leafbrushes            216/65536         432/131072   ( 0.3%) 
areas                    2/256            16/2048     ( 0.8%) 
surfedges             1378/512000       5512/2048000  ( 0.3%) 
edges                  793/256000       3172/1024000  ( 0.3%) 
LDR worldlights          3/65536         264/5767168  ( 0.0%) 
HDR worldlights          0/65536           0/5767168  ( 0.0%) 
leafwaterdata            0/32768           0/393216   ( 0.0%) 
waterstrips              7/32768          70/327680   ( 0.0%) 
waterverts               0/65536           0/786432   ( 0.0%) 
waterindices           108/65536         216/131072   ( 0.2%) 
cubemapsamples           0/1024            0/16384    ( 0.0%) 
overlays                 0/8192            0/2883584  ( 0.0%) 
LDR lightdata         [variable]       90752/0        ( 0.0%) 
HDR lightdata         [variable]           0/0        ( 0.0%) 
visdata               [variable]        1148/16777216 ( 0.0%) 
entdata               [variable]        4997/393216   ( 1.3%) 
LDR ambient table      285/65536        1140/262144   ( 0.4%) 
HDR ambient table      285/65536        1140/262144   ( 0.4%) 
LDR leaf ambient       770/65536       21560/1835008  ( 1.2%) 
HDR leaf ambient       285/65536        7980/1835008  ( 0.4%) 
occluders                0/0               0/0        ( 0.0%) 
occluder polygons        0/0               0/0        ( 0.0%) 
occluder vert ind        0/0               0/0        ( 0.0%) 
detail props          [variable]           1/12       ( 8.3%) 
static props          [variable]           1/12       ( 8.3%) 
pakfile               [variable]          54/0        ( 0.0%) 
physics               [variable]       19923/4194304  ( 0.5%) 
physics terrain       [variable]           2/1048576  ( 0.0%) 

Level flags = 0

Total triangle count: 550
Writing c:\program files (x86)\steam\steamapps\sourcemods\humanity-zero_mapbaseversion\maps\pseudomap.bsp
1 second elapsed



materialPath: C:\Program Files (x86)\Steam\steamapps\sourcemods\Humanity-Zero_mapbaseversion\materials
Loading C:\Program Files (x86)\Steam\steamapps\sourcemods\Humanity-Zero_mapbaseversion\maps\pseudomap.vmf
fixing up env_cubemap materials on brush sides...
0...1...2...3...4...5...6...7...8...9...100...1...2...3...4...5...6...7...8...9...10Processing areas...done (0)
Building Faces...done (0)
FixTjuncs...
PruneNodes...
WriteBSP...
done (0)
writing C:\Program Files (x86)\Steam\steamapps\sourcemods\Humanity-Zero_mapbaseversion\maps\pseudomap.prt...Building visibility clusters...
done (0)
Finding displacement neighbors...
Finding lightmap sample positions...
Displacement Alpha : 0...1...2...3...4...5...6...7...8...9...10
Building Physics collision data...
done (0) (19923 bytes)
Placing static props...
Placing detail props : 0...1...2...3...4...5...6...7...8...9...10
Compacting texture/material tables...
Reduced 88 texinfos to 41
Reduced 6 texdatas to 6 (133 bytes to 133)
Writing C:\Program Files (x86)\Steam\steamapps\sourcemods\Humanity-Zero_mapbaseversion\maps\pseudomap.bsp
0 seconds elapsed



4 threads
reading c:\program files (x86)\steam\steamapps\sourcemods\humanity-zero_mapbaseversion\maps\pseudomap.bsp
reading c:\program files (x86)\steam\steamapps\sourcemods\humanity-zero_mapbaseversion\maps\pseudomap.prt
  52 portalclusters
 119 numportals
0...1...2...3...4...5...6...7...8...9...100...1...2...3...4...5...6...7...8...9...10Optimized: 0 visible clusters (0.00%)
Total clusters visible: 2610
Average clusters visible: 50
Building PAS...
Average clusters audible: 52
visdatasize:1148  compressed from 832
writing c:\program files (x86)\steam\steamapps\sourcemods\humanity-zero_mapbaseversion\maps\pseudomap.bsp
0 seconds elapsed



[Reading texlights from 'lights.rad']
[45 texlights parsed from 'lights.rad']

Loading c:\program files (x86)\steam\steamapps\sourcemods\humanity-zero_mapbaseversion\maps\pseudomap.bsp
217 faces
558227 square feet [80384712.00 square inches]
0 Displacements
0 Square Feet [0.00 Square Inches]
217 patches before subdivision
6327 patches after subdivision
3 direct lights
0...1...2...3...4...5...6...7...8...9...100...1...2...3...4...5...6...7...8...9...10transfers 188887, max 244
transfer lists:   1.4 megs
0...1...2...3...4...5...6...7...8...9...10	Bounce #1 added RGB(21258, 9251, 4644)
0...1...2...3...4...5...6...7...8...9...10	Bounce #2 added RGB(7454, 1399, 303)
0...1...2...3...4...5...6...7...8...9...10	Bounce #3 added RGB(2747, 214, 18)
0...1...2...3...4...5...6...7...8...9...10	Bounce #4 added RGB(1024, 33, 1)
0...1...2...3...4...5...6...7...8...9...10	Bounce #5 added RGB(385, 5, 0)
0...1...2...3...4...5...6...7...8...9...10	Bounce #6 added RGB(145, 1, 0)
0...1...2...3...4...5...6...7...8...9...10	Bounce #7 added RGB(55, 0, 0)
0...1...2...3...4...5...6...7...8...9...10	Bounce #8 added RGB(21, 0, 0)
0...1...2...3...4...5...6...7...8...9...10	Bounce #9 added RGB(8, 0, 0)
0...1...2...3...4...5...6...7...8...9...10	Bounce #10 added RGB(3, 0, 0)
0...1...2...3...4...5...6...7...8...9...10	Bounce #11 added RGB(1, 0, 0)
0...1...2...3...4...5...6...7...8...9...10	Bounce #12 added RGB(0, 0, 0)
Build Patch/Sample Hash Table(s).....Done<0.0016 sec>
0...1...2...3...4...5...6...7...8...9...10FinalLightFace Done
0 of 0 (0% of) surface lights went in leaf ambient cubes.
0...1...2...3...4...5...6...7...8...9...10Writing leaf ambient...done
Ready to Finish

Object names       Objects/Maxobjs  Memory / Maxmem  Fullness 
------------       ---------------  ---------------  -------- 
models                   5/1024          240/49152    ( 0.5%) 
brushes                 45/8192          540/98304    ( 0.5%) 
brushsides             307/65536        2456/524288   ( 0.5%) 
planes                 492/65536        9840/1310720  ( 0.8%) 
vertexes               400/65536        4800/786432   ( 0.6%) 
nodes                  279/65536        8928/2097152  ( 0.4%) 
texinfos                41/12288        2952/884736   ( 0.3%) 
texdata                  6/2048          192/65536    ( 0.3%) 
dispinfos                0/0               0/0        ( 0.0%) 
disp_verts               0/0               0/0        ( 0.0%) 
disp_tris                0/0               0/0        ( 0.0%) 
disp_lmsamples           0/0               0/0        ( 0.0%) 
faces                  217/65536       12152/3670016  ( 0.3%) 
hdr faces                0/65536           0/3670016  ( 0.0%) 
origfaces               99/65536        5544/3670016  ( 0.2%) 
leaves                 285/65536        9120/2097152  ( 0.4%) 
leaffaces              246/65536         492/131072   ( 0.4%) 
leafbrushes            216/65536         432/131072   ( 0.3%) 
areas                    2/256            16/2048     ( 0.8%) 
surfedges             1378/512000       5512/2048000  ( 0.3%) 
edges                  793/256000       3172/1024000  ( 0.3%) 
LDR worldlights          3/65536         264/5767168  ( 0.0%) 
HDR worldlights          0/65536           0/5767168  ( 0.0%) 
leafwaterdata            0/32768           0/393216   ( 0.0%) 
waterstrips              7/32768          70/327680   ( 0.0%) 
waterverts               0/65536           0/786432   ( 0.0%) 
waterindices           108/65536         216/131072   ( 0.2%) 
cubemapsamples           0/1024            0/16384    ( 0.0%) 
overlays                 0/8192            0/2883584  ( 0.0%) 
LDR lightdata         [variable]       90752/0        ( 0.0%) 
HDR lightdata         [variable]           0/0        ( 0.0%) 
visdata               [variable]        1148/16777216 ( 0.0%) 
entdata               [variable]        4946/393216   ( 1.3%) 
LDR ambient table      285/65536        1140/262144   ( 0.4%) 
HDR ambient table      285/65536        1140/262144   ( 0.4%) 
LDR leaf ambient       770/65536       21560/1835008  ( 1.2%) 
HDR leaf ambient       285/65536        7980/1835008  ( 0.4%) 
occluders                0/0               0/0        ( 0.0%) 
occluder polygons        0/0               0/0        ( 0.0%) 
occluder vert ind        0/0               0/0        ( 0.0%) 
detail props          [variable]           1/12       ( 8.3%) 
static props          [variable]           1/12       ( 8.3%) 
pakfile               [variable]          54/0        ( 0.0%) 
physics               [variable]       19923/4194304  ( 0.5%) 
physics terrain       [variable]           2/1048576  ( 0.0%) 

Level flags = 0

Total triangle count: 550
Writing c:\program files (x86)\steam\steamapps\sourcemods\humanity-zero_mapbaseversion\maps\pseudomap.bsp
1 second elapsed



materialPath: C:\Program Files (x86)\Steam\steamapps\sourcemods\Humanity-Zero_mapbaseversion\materials
Loading C:\Program Files (x86)\Steam\steamapps\sourcemods\Humanity-Zero_mapbaseversion\maps\pseudomap.vmf
fixing up env_cubemap materials on brush sides...
0...1...2...3...4...5...6...7...8...9...100...1...2...3...4...5...6...7...8...9...10Processing areas...done (0)
Building Faces...done (0)
FixTjuncs...
PruneNodes...
WriteBSP...
done (0)
writing C:\Program Files (x86)\Steam\steamapps\sourcemods\Humanity-Zero_mapbaseversion\maps\pseudomap.prt...Building visibility clusters...
done (0)
Finding displacement neighbors...
Finding lightmap sample positions...
Displacement Alpha : 0...1...2...3...4...5...6...7...8...9...10
Building Physics collision data...
done (0) (19923 bytes)
Placing static props...
Placing detail props : 0...1...2...3...4...5...6...7...8...9...10
Compacting texture/material tables...
Reduced 88 texinfos to 41
Reduced 6 texdatas to 6 (133 bytes to 133)
Writing C:\Program Files (x86)\Steam\steamapps\sourcemods\Humanity-Zero_mapbaseversion\maps\pseudomap.bsp
0 seconds elapsed



4 threads
reading c:\program files (x86)\steam\steamapps\sourcemods\humanity-zero_mapbaseversion\maps\pseudomap.bsp
reading c:\program files (x86)\steam\steamapps\sourcemods\humanity-zero_mapbaseversion\maps\pseudomap.prt
  52 portalclusters
 119 numportals
0...1...2...3...4...5...6...7...8...9...100...1...2...3...4...5...6...7...8...9...10Optimized: 0 visible clusters (0.00%)
Total clusters visible: 2610
Average clusters visible: 50
Building PAS...
Average clusters audible: 52
visdatasize:1148  compressed from 832
writing c:\program files (x86)\steam\steamapps\sourcemods\humanity-zero_mapbaseversion\maps\pseudomap.bsp
0 seconds elapsed



[Reading texlights from 'lights.rad']
[45 texlights parsed from 'lights.rad']

Loading c:\program files (x86)\steam\steamapps\sourcemods\humanity-zero_mapbaseversion\maps\pseudomap.bsp
217 faces
558227 square feet [80384712.00 square inches]
0 Displacements
0 Square Feet [0.00 Square Inches]
217 patches before subdivision
6327 patches after subdivision
3 direct lights
0...1...2...3...4...5...6...7...8...9...100...1...2...3...4...5...6...7...8...9...10transfers 188887, max 244
transfer lists:   1.4 megs
0...1...2...3...4...5...6...7...8...9...10	Bounce #1 added RGB(21258, 9251, 4644)
0...1...2...3...4...5...6...7...8...9...10	Bounce #2 added RGB(7454, 1399, 303)
0...1...2...3...4...5...6...7...8...9...10	Bounce #3 added RGB(2747, 214, 18)
0...1...2...3...4...5...6...7...8...9...10	Bounce #4 added RGB(1024, 33, 1)
0...1...2...3...4...5...6...7...8...9...10	Bounce #5 added RGB(385, 5, 0)
0...1...2...3...4...5...6...7...8...9...10	Bounce #6 added RGB(145, 1, 0)
0...1...2...3...4...5...6...7...8...9...10	Bounce #7 added RGB(55, 0, 0)
0...1...2...3...4...5...6...7...8...9...10	Bounce #8 added RGB(21, 0, 0)
0...1...2...3...4...5...6...7...8...9...10	Bounce #9 added RGB(8, 0, 0)
0...1...2...3...4...5...6...7...8...9...10	Bounce #10 added RGB(3, 0, 0)
0...1...2...3...4...5...6...7...8...9...10	Bounce #11 added RGB(1, 0, 0)
0...1...2...3...4...5...6...7...8...9...10	Bounce #12 added RGB(0, 0, 0)
Build Patch/Sample Hash Table(s).....Done<0.0015 sec>
0...1...2...3...4...5...6...7...8...9...10FinalLightFace Done
0 of 0 (0% of) surface lights went in leaf ambient cubes.
0...1...2...3...4...5...6...7...8...9...10Writing leaf ambient...done
Ready to Finish

Object names       Objects/Maxobjs  Memory / Maxmem  Fullness 
------------       ---------------  ---------------  -------- 
models                   5/1024          240/49152    ( 0.5%) 
brushes                 45/8192          540/98304    ( 0.5%) 
brushsides             307/65536        2456/524288   ( 0.5%) 
planes                 492/65536        9840/1310720  ( 0.8%) 
vertexes               400/65536        4800/786432   ( 0.6%) 
nodes                  279/65536        8928/2097152  ( 0.4%) 
texinfos                41/12288        2952/884736   ( 0.3%) 
texdata                  6/2048          192/65536    ( 0.3%) 
dispinfos                0/0               0/0        ( 0.0%) 
disp_verts               0/0               0/0        ( 0.0%) 
disp_tris                0/0               0/0        ( 0.0%) 
disp_lmsamples           0/0               0/0        ( 0.0%) 
faces                  217/65536       12152/3670016  ( 0.3%) 
hdr faces                0/65536           0/3670016  ( 0.0%) 
origfaces               99/65536        5544/3670016  ( 0.2%) 
leaves                 285/65536        9120/2097152  ( 0.4%) 
leaffaces              246/65536         492/131072   ( 0.4%) 
leafbrushes            216/65536         432/131072   ( 0.3%) 
areas                    2/256            16/2048     ( 0.8%) 
surfedges             1378/512000       5512/2048000  ( 0.3%) 
edges                  793/256000       3172/1024000  ( 0.3%) 
LDR worldlights          3/65536         264/5767168  ( 0.0%) 
HDR worldlights          0/65536           0/5767168  ( 0.0%) 
leafwaterdata            0/32768           0/393216   ( 0.0%) 
waterstrips              7/32768          70/327680   ( 0.0%) 
waterverts               0/65536           0/786432   ( 0.0%) 
waterindices           108/65536         216/131072   ( 0.2%) 
cubemapsamples           0/1024            0/16384    ( 0.0%) 
overlays                 0/8192            0/2883584  ( 0.0%) 
LDR lightdata         [variable]       90752/0        ( 0.0%) 
HDR lightdata         [variable]           0/0        ( 0.0%) 
visdata               [variable]        1148/16777216 ( 0.0%) 
entdata               [variable]        4977/393216   ( 1.3%) 
LDR ambient table      285/65536        1140/262144   ( 0.4%) 
HDR ambient table      285/65536        1140/262144   ( 0.4%) 
LDR leaf ambient       770/65536       21560/1835008  ( 1.2%) 
HDR leaf ambient       285/65536        7980/1835008  ( 0.4%) 
occluders                0/0               0/0        ( 0.0%) 
occluder polygons        0/0               0/0        ( 0.0%) 
occluder vert ind        0/0               0/0        ( 0.0%) 
detail props          [variable]           1/12       ( 8.3%) 
static props          [variable]           1/12       ( 8.3%) 
pakfile               [variable]          54/0        ( 0.0%) 
physics               [variable]       19923/4194304  ( 0.5%) 
physics terrain       [variable]           2/1048576  ( 0.0%) 

Level flags = 0

Total triangle count: 550
Writing c:\program files (x86)\steam\steamapps\sourcemods\humanity-zero_mapbaseversion\maps\pseudomap.bsp
1 second elapsed



materialPath: C:\Program Files (x86)\Steam\steamapps\sourcemods\Humanity-Zero_mapbaseversion\materials
Loading C:\Program Files (x86)\Steam\steamapps\sourcemods\Humanity-Zero_mapbaseversion\maps\pseudomap.vmf
fixing up env_cubemap materials on brush sides...
0...1...2...3...4...5...6...7...8...9...100...1...2...3...4...5...6...7...8...9...10Processing areas...done (0)
Building Faces...done (0)
FixTjuncs...
PruneNodes...
WriteBSP...
done (0)
writing C:\Program Files (x86)\Steam\steamapps\sourcemods\Humanity-Zero_mapbaseversion\maps\pseudomap.prt...Building visibility clusters...
done (0)
Finding displacement neighbors...
Finding lightmap sample positions...
Displacement Alpha : 0...1...2...3...4...5...6...7...8...9...10
Building Physics collision data...
done (0) (19923 bytes)
Placing static props...
Placing detail props : 0...1...2...3...4...5...6...7...8...9...10
Compacting texture/material tables...
Reduced 88 texinfos to 41
Reduced 6 texdatas to 6 (133 bytes to 133)
Writing C:\Program Files (x86)\Steam\steamapps\sourcemods\Humanity-Zero_mapbaseversion\maps\pseudomap.bsp
0 seconds elapsed



4 threads
reading c:\program files (x86)\steam\steamapps\sourcemods\humanity-zero_mapbaseversion\maps\pseudomap.bsp
reading c:\program files (x86)\steam\steamapps\sourcemods\humanity-zero_mapbaseversion\maps\pseudomap.prt
  52 portalclusters
 119 numportals
0...1...2...3...4...5...6...7...8...9...100...1...2...3...4...5...6...7...8...9...10Optimized: 0 visible clusters (0.00%)
Total clusters visible: 2610
Average clusters visible: 50
Building PAS...
Average clusters audible: 52
visdatasize:1148  compressed from 832
writing c:\program files (x86)\steam\steamapps\sourcemods\humanity-zero_mapbaseversion\maps\pseudomap.bsp
0 seconds elapsed



[Reading texlights from 'lights.rad']
[45 texlights parsed from 'lights.rad']

Loading c:\program files (x86)\steam\steamapps\sourcemods\humanity-zero_mapbaseversion\maps\pseudomap.bsp
217 faces
558227 square feet [80384712.00 square inches]
0 Displacements
0 Square Feet [0.00 Square Inches]
217 patches before subdivision
6327 patches after subdivision
3 direct lights
0...1...2...3...4...5...6...7...8...9...100...1...2...3...4...5...6...7...8...9...10transfers 188887, max 244
transfer lists:   1.4 megs
0...1...2...3...4...5...6...7...8...9...10	Bounce #1 added RGB(21257, 9251, 4644)
0...1...2...3...4...5...6...7...8...9...10	Bounce #2 added RGB(7454, 1399, 303)
0...1...2...3...4...5...6...7...8...9...10	Bounce #3 added RGB(2747, 214, 18)
0...1...2...3...4...5...6...7...8...9...10	Bounce #4 added RGB(1024, 33, 1)
0...1...2...3...4...5...6...7...8...9...10	Bounce #5 added RGB(385, 5, 0)
0...1...2...3...4...5...6...7...8...9...10	Bounce #6 added RGB(145, 1, 0)
0...1...2...3...4...5...6...7...8...9...10	Bounce #7 added RGB(55, 0, 0)
0...1...2...3...4...5...6...7...8...9...10	Bounce #8 added RGB(21, 0, 0)
0...1...2...3...4...5...6...7...8...9...10	Bounce #9 added RGB(8, 0, 0)
0...1...2...3...4...5...6...7...8...9...10	Bounce #10 added RGB(3, 0, 0)
0...1...2...3...4...5...6...7...8...9...10	Bounce #11 added RGB(1, 0, 0)
0...1...2...3...4...5...6...7...8...9...10	Bounce #12 added RGB(0, 0, 0)
Build Patch/Sample Hash Table(s).....Done<0.0012 sec>
0...1...2...3...4...5...6...7...8...9...10FinalLightFace Done
0 of 0 (0% of) surface lights went in leaf ambient cubes.
0...1...2...3...4...5...6...7...8...9...10Writing leaf ambient...done
Ready to Finish

Object names       Objects/Maxobjs  Memory / Maxmem  Fullness 
------------       ---------------  ---------------  -------- 
models                   5/1024          240/49152    ( 0.5%) 
brushes                 45/8192          540/98304    ( 0.5%) 
brushsides             307/65536        2456/524288   ( 0.5%) 
planes                 492/65536        9840/1310720  ( 0.8%) 
vertexes               400/65536        4800/786432   ( 0.6%) 
nodes                  279/65536        8928/2097152  ( 0.4%) 
texinfos                41/12288        2952/884736   ( 0.3%) 
texdata                  6/2048          192/65536    ( 0.3%) 
dispinfos                0/0               0/0        ( 0.0%) 
disp_verts               0/0               0/0        ( 0.0%) 
disp_tris                0/0               0/0        ( 0.0%) 
disp_lmsamples           0/0               0/0        ( 0.0%) 
faces                  217/65536       12152/3670016  ( 0.3%) 
hdr faces                0/65536           0/3670016  ( 0.0%) 
origfaces               99/65536        5544/3670016  ( 0.2%) 
leaves                 285/65536        9120/2097152  ( 0.4%) 
leaffaces              246/65536         492/131072   ( 0.4%) 
leafbrushes            216/65536         432/131072   ( 0.3%) 
areas                    2/256            16/2048     ( 0.8%) 
surfedges             1378/512000       5512/2048000  ( 0.3%) 
edges                  793/256000       3172/1024000  ( 0.3%) 
LDR worldlights          3/65536         264/5767168  ( 0.0%) 
HDR worldlights          0/65536           0/5767168  ( 0.0%) 
leafwaterdata            0/32768           0/393216   ( 0.0%) 
waterstrips              7/32768          70/327680   ( 0.0%) 
waterverts               0/65536           0/786432   ( 0.0%) 
waterindices           108/65536         216/131072   ( 0.2%) 
cubemapsamples           0/1024            0/16384    ( 0.0%) 
overlays                 0/8192            0/2883584  ( 0.0%) 
LDR lightdata         [variable]       90752/0        ( 0.0%) 
HDR lightdata         [variable]           0/0        ( 0.0%) 
visdata               [variable]        1148/16777216 ( 0.0%) 
entdata               [variable]        4978/393216   ( 1.3%) 
LDR ambient table      285/65536        1140/262144   ( 0.4%) 
HDR ambient table      285/65536        1140/262144   ( 0.4%) 
LDR leaf ambient       770/65536       21560/1835008  ( 1.2%) 
HDR leaf ambient       285/65536        7980/1835008  ( 0.4%) 
occluders                0/0               0/0        ( 0.0%) 
occluder polygons        0/0               0/0        ( 0.0%) 
occluder vert ind        0/0               0/0        ( 0.0%) 
detail props          [variable]           1/12       ( 8.3%) 
static props          [variable]           1/12       ( 8.3%) 
pakfile               [variable]          54/0        ( 0.0%) 
physics               [variable]       19923/4194304  ( 0.5%) 
physics terrain       [variable]           2/1048576  ( 0.0%) 

Level flags = 0

Total triangle count: 550
Writing c:\program files (x86)\steam\steamapps\sourcemods\humanity-zero_mapbaseversion\maps\pseudomap.bsp
1 second elapsed



materialPath: C:\Program Files (x86)\Steam\steamapps\sourcemods\Humanity-Zero_mapbaseversion\materials
Loading C:\Program Files (x86)\Steam\steamapps\sourcemods\Humanity-Zero_mapbaseversion\maps\pseudomap.vmf
fixing up env_cubemap materials on brush sides...
0...1...2...3...4...5...6...7...8...9...100...1...2...3...4...5...6...7...8...9...10Processing areas...done (0)
Building Faces...done (0)
FixTjuncs...
PruneNodes...
WriteBSP...
done (0)
writing C:\Program Files (x86)\Steam\steamapps\sourcemods\Humanity-Zero_mapbaseversion\maps\pseudomap.prt...Building visibility clusters...
done (0)
Finding displacement neighbors...
Finding lightmap sample positions...
Displacement Alpha : 0...1...2...3...4...5...6...7...8...9...10
Building Physics collision data...
done (0) (19923 bytes)
Placing static props...
Placing detail props : 0...1...2...3...4...5...6...7...8...9...10
Compacting texture/material tables...
Reduced 88 texinfos to 41
Reduced 6 texdatas to 6 (133 bytes to 133)
Writing C:\Program Files (x86)\Steam\steamapps\sourcemods\Humanity-Zero_mapbaseversion\maps\pseudomap.bsp
3 seconds elapsed



4 threads
reading c:\program files (x86)\steam\steamapps\sourcemods\humanity-zero_mapbaseversion\maps\pseudomap.bsp
reading c:\program files (x86)\steam\steamapps\sourcemods\humanity-zero_mapbaseversion\maps\pseudomap.prt
  52 portalclusters
 119 numportals
0...1...2...3...4...5...6...7...8...9...100...1...2...3...4...5...6...7...8...9...10Optimized: 0 visible clusters (0.00%)
Total clusters visible: 2610
Average clusters visible: 50
Building PAS...
Average clusters audible: 52
visdatasize:1148  compressed from 832
writing c:\program files (x86)\steam\steamapps\sourcemods\humanity-zero_mapbaseversion\maps\pseudomap.bsp
0 seconds elapsed



[Reading texlights from 'lights.rad']
[45 texlights parsed from 'lights.rad']

Loading c:\program files (x86)\steam\steamapps\sourcemods\humanity-zero_mapbaseversion\maps\pseudomap.bsp
217 faces
558227 square feet [80384712.00 square inches]
0 Displacements
0 Square Feet [0.00 Square Inches]
217 patches before subdivision
6327 patches after subdivision
3 direct lights
0...1...2...3...4...5...6...7...8...9...100...1...2...3...4...5...6...7...8...9...10transfers 188887, max 244
transfer lists:   1.4 megs
0...1...2...3...4...5...6...7...8...9...10	Bounce #1 added RGB(21258, 9251, 4644)
0...1...2...3...4...5...6...7...8...9...10	Bounce #2 added RGB(7454, 1399, 303)
0...1...2...3...4...5...6...7...8...9...10	Bounce #3 added RGB(2747, 214, 18)
0...1...2...3...4...5...6...7...8...9...10	Bounce #4 added RGB(1024, 33, 1)
0...1...2...3...4...5...6...7...8...9...10	Bounce #5 added RGB(385, 5, 0)
0...1...2...3...4...5...6...7...8...9...10	Bounce #6 added RGB(145, 1, 0)
0...1...2...3...4...5...6...7...8...9...10	Bounce #7 added RGB(55, 0, 0)
0...1...2...3...4...5...6...7...8...9...10	Bounce #8 added RGB(21, 0, 0)
0...1...2...3...4...5...6...7...8...9...10	Bounce #9 added RGB(8, 0, 0)
0...1...2...3...4...5...6...7...8...9...10	Bounce #10 added RGB(3, 0, 0)
0...1...2...3...4...5...6...7...8...9...10	Bounce #11 added RGB(1, 0, 0)
0...1...2...3...4...5...6...7...8...9...10	Bounce #12 added RGB(0, 0, 0)
Build Patch/Sample Hash Table(s).....Done<0.0030 sec>
0...1...2...3...4...5...6...7...8...9...10FinalLightFace Done
0 of 0 (0% of) surface lights went in leaf ambient cubes.
0...1...2...3...4...5...6...7...8...9...10Writing leaf ambient...done
Ready to Finish

Object names       Objects/Maxobjs  Memory / Maxmem  Fullness 
------------       ---------------  ---------------  -------- 
models                   5/1024          240/49152    ( 0.5%) 
brushes                 45/8192          540/98304    ( 0.5%) 
brushsides             307/65536        2456/524288   ( 0.5%) 
planes                 492/65536        9840/1310720  ( 0.8%) 
vertexes               400/65536        4800/786432   ( 0.6%) 
nodes                  279/65536        8928/2097152  ( 0.4%) 
texinfos                41/12288        2952/884736   ( 0.3%) 
texdata                  6/2048          192/65536    ( 0.3%) 
dispinfos                0/0               0/0        ( 0.0%) 
disp_verts               0/0               0/0        ( 0.0%) 
disp_tris                0/0               0/0        ( 0.0%) 
disp_lmsamples           0/0               0/0        ( 0.0%) 
faces                  217/65536       12152/3670016  ( 0.3%) 
hdr faces                0/65536           0/3670016  ( 0.0%) 
origfaces               99/65536        5544/3670016  ( 0.2%) 
leaves                 285/65536        9120/2097152  ( 0.4%) 
leaffaces              246/65536         492/131072   ( 0.4%) 
leafbrushes            216/65536         432/131072   ( 0.3%) 
areas                    2/256            16/2048     ( 0.8%) 
surfedges             1378/512000       5512/2048000  ( 0.3%) 
edges                  793/256000       3172/1024000  ( 0.3%) 
LDR worldlights          3/65536         264/5767168  ( 0.0%) 
HDR worldlights          0/65536           0/5767168  ( 0.0%) 
leafwaterdata            0/32768           0/393216   ( 0.0%) 
waterstrips              7/32768          70/327680   ( 0.0%) 
waterverts               0/65536           0/786432   ( 0.0%) 
waterindices           108/65536         216/131072   ( 0.2%) 
cubemapsamples           0/1024            0/16384    ( 0.0%) 
overlays                 0/8192            0/2883584  ( 0.0%) 
LDR lightdata         [variable]       90752/0        ( 0.0%) 
HDR lightdata         [variable]           0/0        ( 0.0%) 
visdata               [variable]        1148/16777216 ( 0.0%) 
entdata               [variable]        5026/393216   ( 1.3%) 
LDR ambient table      285/65536        1140/262144   ( 0.4%) 
HDR ambient table      285/65536        1140/262144   ( 0.4%) 
LDR leaf ambient       770/65536       21560/1835008  ( 1.2%) 
HDR leaf ambient       285/65536        7980/1835008  ( 0.4%) 
occluders                0/0               0/0        ( 0.0%) 
occluder polygons        0/0               0/0        ( 0.0%) 
occluder vert ind        0/0               0/0        ( 0.0%) 
detail props          [variable]           1/12       ( 8.3%) 
static props          [variable]           1/12       ( 8.3%) 
pakfile               [variable]          54/0        ( 0.0%) 
physics               [variable]       19923/4194304  ( 0.5%) 
physics terrain       [variable]           2/1048576  ( 0.0%) 

Level flags = 0

Total triangle count: 550
Writing c:\program files (x86)\steam\steamapps\sourcemods\humanity-zero_mapbaseversion\maps\pseudomap.bsp
3 seconds elapsed



materialPath: C:\Program Files (x86)\Steam\steamapps\sourcemods\Humanity-Zero_mapbaseversion\materials
Loading C:\Program Files (x86)\Steam\steamapps\sourcemods\Humanity-Zero_mapbaseversion\maps\pseudomap.vmf
fixing up env_cubemap materials on brush sides...
0...1...2...3...4...5...6...7...8...9...100...1...2...3...4...5...6...7...8...9...10Processing areas...done (0)
Building Faces...done (0)
FixTjuncs...
PruneNodes...
WriteBSP...
done (0)
writing C:\Program Files (x86)\Steam\steamapps\sourcemods\Humanity-Zero_mapbaseversion\maps\pseudomap.prt...Building visibility clusters...
done (0)
Finding displacement neighbors...
Finding lightmap sample positions...
Displacement Alpha : 0...1...2...3...4...5...6...7...8...9...10
Building Physics collision data...
done (0) (19923 bytes)
Placing static props...
Placing detail props : 0...1...2...3...4...5...6...7...8...9...10
Compacting texture/material tables...
Reduced 88 texinfos to 41
Reduced 6 texdatas to 6 (133 bytes to 133)
Writing C:\Program Files (x86)\Steam\steamapps\sourcemods\Humanity-Zero_mapbaseversion\maps\pseudomap.bsp
1 second elapsed



4 threads
reading c:\program files (x86)\steam\steamapps\sourcemods\humanity-zero_mapbaseversion\maps\pseudomap.bsp
reading c:\program files (x86)\steam\steamapps\sourcemods\humanity-zero_mapbaseversion\maps\pseudomap.prt
  52 portalclusters
 119 numportals
0...1...2...3...4...5...6...7...8...9...100...1...2...3...4...5...6...7...8...9...10Optimized: 0 visible clusters (0.00%)
Total clusters visible: 2610
Average clusters visible: 50
Building PAS...
Average clusters audible: 52
visdatasize:1148  compressed from 832
writing c:\program files (x86)\steam\steamapps\sourcemods\humanity-zero_mapbaseversion\maps\pseudomap.bsp
0 seconds elapsed



[Reading texlights from 'lights.rad']
[45 texlights parsed from 'lights.rad']

Loading c:\program files (x86)\steam\steamapps\sourcemods\humanity-zero_mapbaseversion\maps\pseudomap.bsp
217 faces
558227 square feet [80384712.00 square inches]
0 Displacements
0 Square Feet [0.00 Square Inches]
217 patches before subdivision
6327 patches after subdivision
3 direct lights
0...1...2...3...4...5...6...7...8...9...100...1...2...3...4...5...6...7...8...9...10transfers 188887, max 244
transfer lists:   1.4 megs
0...1...2...3...4...5...6...7...8...9...10	Bounce #1 added RGB(21258, 9251, 4644)
0...1...2...3...4...5...6...7...8...9...10	Bounce #2 added RGB(7454, 1399, 303)
0...1...2...3...4...5...6...7...8...9...10	Bounce #3 added RGB(2747, 214, 18)
0...1...2...3...4...5...6...7...8...9...10	Bounce #4 added RGB(1024, 33, 1)
0...1...2...3...4...5...6...7...8...9...10	Bounce #5 added RGB(385, 5, 0)
0...1...2...3...4...5...6...7...8...9...10	Bounce #6 added RGB(145, 1, 0)
0...1...2...3...4...5...6...7...8...9...10	Bounce #7 added RGB(55, 0, 0)
0...1...2...3...4...5...6...7...8...9...10	Bounce #8 added RGB(21, 0, 0)
0...1...2...3...4...5...6...7...8...9...10	Bounce #9 added RGB(8, 0, 0)
0...1...2...3...4...5...6...7...8...9...10	Bounce #10 added RGB(3, 0, 0)
0...1...2...3...4...5...6...7...8...9...10	Bounce #11 added RGB(1, 0, 0)
0...1...2...3...4...5...6...7...8...9...10	Bounce #12 added RGB(0, 0, 0)
Build Patch/Sample Hash Table(s).....Done<0.0014 sec>
0...1...2...3...4...5...6...7...8...9...10FinalLightFace Done
0 of 0 (0% of) surface lights went in leaf ambient cubes.
0...1...2...3...4...5...6...7...8...9...10Writing leaf ambient...done
Ready to Finish

Object names       Objects/Maxobjs  Memory / Maxmem  Fullness 
------------       ---------------  ---------------  -------- 
models                   5/1024          240/49152    ( 0.5%) 
brushes                 45/8192          540/98304    ( 0.5%) 
brushsides             307/65536        2456/524288   ( 0.5%) 
planes                 492/65536        9840/1310720  ( 0.8%) 
vertexes               400/65536        4800/786432   ( 0.6%) 
nodes                  279/65536        8928/2097152  ( 0.4%) 
texinfos                41/12288        2952/884736   ( 0.3%) 
texdata                  6/2048          192/65536    ( 0.3%) 
dispinfos                0/0               0/0        ( 0.0%) 
disp_verts               0/0               0/0        ( 0.0%) 
disp_tris                0/0               0/0        ( 0.0%) 
disp_lmsamples           0/0               0/0        ( 0.0%) 
faces                  217/65536       12152/3670016  ( 0.3%) 
hdr faces                0/65536           0/3670016  ( 0.0%) 
origfaces               99/65536        5544/3670016  ( 0.2%) 
leaves                 285/65536        9120/2097152  ( 0.4%) 
leaffaces              246/65536         492/131072   ( 0.4%) 
leafbrushes            216/65536         432/131072   ( 0.3%) 
areas                    2/256            16/2048     ( 0.8%) 
surfedges             1378/512000       5512/2048000  ( 0.3%) 
edges                  793/256000       3172/1024000  ( 0.3%) 
LDR worldlights          3/65536         264/5767168  ( 0.0%) 
HDR worldlights          0/65536           0/5767168  ( 0.0%) 
leafwaterdata            0/32768           0/393216   ( 0.0%) 
waterstrips              7/32768          70/327680   ( 0.0%) 
waterverts               0/65536           0/786432   ( 0.0%) 
waterindices           108/65536         216/131072   ( 0.2%) 
cubemapsamples           0/1024            0/16384    ( 0.0%) 
overlays                 0/8192            0/2883584  ( 0.0%) 
LDR lightdata         [variable]       90752/0        ( 0.0%) 
HDR lightdata         [variable]           0/0        ( 0.0%) 
visdata               [variable]        1148/16777216 ( 0.0%) 
entdata               [variable]        5022/393216   ( 1.3%) 
LDR ambient table      285/65536        1140/262144   ( 0.4%) 
HDR ambient table      285/65536        1140/262144   ( 0.4%) 
LDR leaf ambient       770/65536       21560/1835008  ( 1.2%) 
HDR leaf ambient       285/65536        7980/1835008  ( 0.4%) 
occluders                0/0               0/0        ( 0.0%) 
occluder polygons        0/0               0/0        ( 0.0%) 
occluder vert ind        0/0               0/0        ( 0.0%) 
detail props          [variable]           1/12       ( 8.3%) 
static props          [variable]           1/12       ( 8.3%) 
pakfile               [variable]          54/0        ( 0.0%) 
physics               [variable]       19923/4194304  ( 0.5%) 
physics terrain       [variable]           2/1048576  ( 0.0%) 

Level flags = 0

Total triangle count: 550
Writing c:\program files (x86)\steam\steamapps\sourcemods\humanity-zero_mapbaseversion\maps\pseudomap.bsp
2 seconds elapsed
