PRT1
52
119
4 0 2 (2048 4128 -1032 ) (2048 4096 -1032 ) (2048 4096 944 ) (2048 4128 944 ) 
4 0 1 (3072 4096 -1032 ) (3072 4096 944 ) (2048 4096 944 ) (2048 4096 -1032 ) 
4 1 6 (3072 3072 -1032 ) (3072 3072 944 ) (2048 3072 944 ) (2048 3072 -1032 ) 
4 1 4 (2048 3072 -1032 ) (2048 3072 944 ) (2048 4096 944 ) (2048 4096 -1032 ) 
4 2 4 (2048 4096 -1032 ) (2048 4096 944 ) (1024 4096 944 ) (1024 4096 -1032 ) 
4 2 3 (1024 4128 -1032 ) (1024 4096 -1032 ) (1024 4096 944 ) (1024 4128 944 ) 
4 3 25 (0 4096 -1032 ) (0 4096 944 ) (0 4128 944 ) (0 4128 -1032 ) 
4 3 5 (0 4096 944 ) (0 4096 -1032 ) (1024 4096 -1032 ) (1024 4096 944 ) 
4 4 7 (2048 3072 -1032 ) (2048 3072 944 ) (1024 3072 944 ) (1024 3072 -1032 ) 
4 4 5 (1024 4096 944 ) (1024 4096 -1032 ) (1024 3072 -1032 ) (1024 3072 944 ) 
4 5 27 (0 3072 -1032 ) (0 3072 944 ) (0 4096 944 ) (0 4096 -1032 ) 
4 5 8 (1024 3072 -1032 ) (1024 3072 944 ) (0 3072 944 ) (0 3072 -1032 ) 
4 6 9 (3072 2048 -1032 ) (3072 2048 944 ) (2048 2048 944 ) (2048 2048 -1032 ) 
4 6 7 (2048 3072 944 ) (2048 3072 -1032 ) (2048 2048 -1032 ) (2048 2048 944 ) 
4 7 11 (2048 2048 -1032 ) (2048 2048 944 ) (1024 2048 944 ) (1024 2048 -1032 ) 
4 7 8 (1024 2048 -1032 ) (1024 2048 944 ) (1024 3072 944 ) (1024 3072 -1032 ) 
4 8 29 (0 2048 -1032 ) (0 2048 944 ) (0 3072 944 ) (0 3072 -1032 ) 
4 8 12 (1024 2048 -1032 ) (1024 2048 944 ) (0 2048 944 ) (0 2048 -1032 ) 
4 9 11 (2048 2048 944 ) (2048 2048 -1032 ) (2048 1024 -1032 ) (2048 1024 944 ) 
4 9 10 (3072 1024 -1032 ) (3072 1024 944 ) (2048 1024 944 ) (2048 1024 -1032 ) 
4 10 40 (3072 0 -1032 ) (3072 0 944 ) (2048 0 944 ) (2048 0 -1032 ) 
4 10 13 (2048 0 -1032 ) (2048 0 944 ) (2048 1024 944 ) (2048 1024 -1032 ) 
4 11 13 (2048 1024 -1032 ) (2048 1024 944 ) (1024 1024 944 ) (1024 1024 -1032 ) 
4 11 12 (1024 2048 944 ) (1024 2048 -1032 ) (1024 1024 -1032 ) (1024 1024 944 ) 
4 12 31 (0 1024 -1032 ) (0 1024 944 ) (0 2048 944 ) (0 2048 -1032 ) 
4 12 24 (1024 1024 -1032 ) (1024 1024 -16 ) (0 1024 -16 ) (0 1024 -1032 ) 
4 12 23 (272 1024 0 ) (0 1024 0 ) (0 1024 -16 ) (272 1024 -16 ) 
4 12 22 (1024 1024 -16 ) (1024 1024 0 ) (272 1024 0 ) (272 1024 -16 ) 
4 12 17 (1024 1024 0 ) (1024 1024 128 ) (0 1024 128 ) (0 1024 0 ) 
4 12 15 (256 1024 944 ) (0 1024 944 ) (0 1024 128 ) (256 1024 128 ) 
4 12 14 (1024 1024 128 ) (1024 1024 944 ) (256 1024 944 ) (256 1024 128 ) 
4 13 41 (2048 0 -1032 ) (2048 0 944 ) (1024 0 944 ) (1024 0 -1032 ) 
4 13 24 (1024 1024 -16 ) (1024 1024 -1032 ) (1024 0 -1032 ) (1024 0 -16 ) 
4 13 22 (1024 1024 0 ) (1024 1024 -16 ) (1024 0 -16 ) (1024 0 0 ) 
4 13 20 (1024 384 0 ) (1024 0 0 ) (1024 0 128 ) (1024 384 128 ) 
4 13 18 (1024 400 0 ) (1024 384 0 ) (1024 384 128 ) (1024 400 128 ) 
4 13 17 (1024 1024 128 ) (1024 1024 0 ) (1024 400 0 ) (1024 400 128 ) 
4 13 14 (1024 1024 944 ) (1024 1024 128 ) (1024 0 128 ) (1024 0 944 ) 
4 14 42 (1024 0 128 ) (1024 0 944 ) (256 0 944 ) (256 0 128 ) 
4 14 20 (1024 384 128 ) (1024 0 128 ) (272 0 128 ) (272 384 128 ) 
4 14 18 (1024 400 128 ) (1024 384 128 ) (256 384 128 ) (256 400 128 ) 
4 14 17 (1024 1024 128 ) (1024 400 128 ) (256 400 128 ) (256 1024 128 ) 
4 14 16 (256 0 144 ) (256 0 944 ) (256 384 944 ) (256 384 144 ) 
4 14 15 (256 1024 128 ) (256 384 128 ) (256 384 944 ) (256 1024 944 ) 
4 15 33 (0 384 944 ) (0 1024 944 ) (0 1024 128 ) (0 384 128 ) 
4 15 17 (0 400 128 ) (0 1024 128 ) (256 1024 128 ) (256 400 128 ) 
4 15 16 (256 384 144 ) (256 384 944 ) (0 384 944 ) (0 384 144 ) 
4 16 43 (256 0 944 ) (0 0 944 ) (0 0 144 ) (256 0 144 ) 
4 16 34 (0 0 144 ) (0 0 944 ) (0 384 944 ) (0 384 144 ) 
4 17 33 (0 400 128 ) (0 1024 128 ) (0 1024 0 ) (0 400 0 ) 
4 17 23 (0 400 0 ) (0 1024 0 ) (272 1024 0 ) (272 400 0 ) 
4 17 22 (272 1024 0 ) (1024 1024 0 ) (1024 400 0 ) (272 400 0 ) 
4 17 19 (104 400 0 ) (152 400 0 ) (152 400 108 ) (104 400 108 ) 
4 17 18 (256 400 0 ) (1024 400 0 ) (1024 400 128 ) (256 400 128 ) 
4 18 22 (272 400 0 ) (1024 400 0 ) (1024 384 0 ) (272 384 0 ) 
4 18 20 (272 384 0 ) (1024 384 0 ) (1024 384 128 ) (272 384 128 ) 
4 19 21 (104 384 0 ) (152 384 0 ) (152 384 108 ) (104 384 108 ) 
4 20 42 (1024 0 0 ) (1024 0 128 ) (272 0 128 ) (272 0 0 ) 
4 20 22 (1024 0 0 ) (272 0 0 ) (272 384 0 ) (1024 384 0 ) 
4 22 44 (1024 0 -16 ) (1024 0 0 ) (272 0 0 ) (272 0 -16 ) 
4 22 24 (1024 1024 -16 ) (1024 0 -16 ) (272 0 -16 ) (272 1024 -16 ) 
4 22 23 (272 1024 -16 ) (272 400 -16 ) (272 400 0 ) (272 1024 0 ) 
4 23 36 (0 400 0 ) (0 1024 0 ) (0 1024 -16 ) (0 400 -16 ) 
4 23 24 (0 400 -16 ) (0 1024 -16 ) (272 1024 -16 ) (272 400 -16 ) 
4 24 45 (272 0 -16 ) (0 0 -16 ) (0 0 -1032 ) (272 0 -1032 ) 
4 24 44 (1024 0 -1032 ) (1024 0 -16 ) (272 0 -16 ) (272 0 -1032 ) 
4 24 37 (0 0 -1032 ) (0 0 -16 ) (0 400 -16 ) (0 400 -1032 ) 
4 24 36 (0 400 -16 ) (0 1024 -16 ) (0 1024 -1032 ) (0 400 -1032 ) 
4 25 27 (0 4096 -1032 ) (0 4096 944 ) (-1024 4096 944 ) (-1024 4096 -1032 ) 
4 25 26 (-1024 4096 -1032 ) (-1024 4096 944 ) (-1024 4128 944 ) (-1024 4128 -1032 ) 
4 26 28 (-1024 4096 -1032 ) (-1024 4096 944 ) (-2040 4096 944 ) (-2040 4096 -1032 ) 
4 27 29 (0 3072 -1032 ) (0 3072 944 ) (-1024 3072 944 ) (-1024 3072 -1032 ) 
4 27 28 (-1024 4096 944 ) (-1024 4096 -1032 ) (-1024 3072 -1032 ) (-1024 3072 944 ) 
4 28 30 (-1024 3072 -1032 ) (-1024 3072 944 ) (-2040 3072 944 ) (-2040 3072 -1032 ) 
4 29 31 (0 2048 -1032 ) (0 2048 944 ) (-1024 2048 944 ) (-1024 2048 -1032 ) 
4 29 30 (-1024 3072 944 ) (-1024 3072 -1032 ) (-1024 2048 -1032 ) (-1024 2048 944 ) 
4 30 32 (-1024 2048 -1032 ) (-1024 2048 944 ) (-2040 2048 944 ) (-2040 2048 -1032 ) 
4 31 36 (0 1024 -1032 ) (0 1024 0 ) (-16 1024 0 ) (-16 1024 -1032 ) 
4 31 38 (-16 1024 0 ) (-1024 1024 0 ) (-1024 1024 -1032 ) (-16 1024 -1032 ) 
4 31 33 (0 1024 0 ) (0 1024 944 ) (-16 1024 944 ) (-16 1024 0 ) 
4 31 35 (-16 1024 944 ) (-1024 1024 944 ) (-1024 1024 0 ) (-16 1024 0 ) 
4 31 32 (-1024 1024 -1032 ) (-1024 1024 944 ) (-1024 2048 944 ) (-1024 2048 -1032 ) 
4 32 39 (-2040 1024 -1032 ) (-1024 1024 -1032 ) (-1024 1024 944 ) (-2040 1024 944 ) 
4 33 36 (-16 400 0 ) (-16 1024 0 ) (0 1024 0 ) (0 400 0 ) 
4 33 34 (-16 384 944 ) (-16 384 128 ) (0 384 128 ) (0 384 944 ) 
4 33 35 (-16 1024 0 ) (-16 384 0 ) (-16 384 944 ) (-16 1024 944 ) 
4 34 47 (0 0 128 ) (0 0 944 ) (-16 0 944 ) (-16 0 128 ) 
4 34 35 (-16 0 128 ) (-16 0 944 ) (-16 384 944 ) (-16 384 128 ) 
4 35 49 (-16 0 944 ) (-1024 0 944 ) (-1024 0 0 ) (-16 0 0 ) 
4 35 39 (-1024 1024 944 ) (-1024 1024 0 ) (-1024 0 0 ) (-1024 0 944 ) 
4 35 38 (-16 0 0 ) (-1024 0 0 ) (-1024 1024 0 ) (-16 1024 0 ) 
4 36 37 (-16 400 -16 ) (-16 400 -1032 ) (0 400 -1032 ) (0 400 -16 ) 
4 36 38 (-16 1024 -1032 ) (-16 400 -1032 ) (-16 400 0 ) (-16 1024 0 ) 
4 37 48 (0 0 -1032 ) (0 0 -16 ) (-16 0 -16 ) (-16 0 -1032 ) 
4 37 38 (-16 400 -1032 ) (-16 0 -1032 ) (-16 0 -16 ) (-16 400 -16 ) 
4 38 49 (-16 0 0 ) (-1024 0 0 ) (-1024 0 -1032 ) (-16 0 -1032 ) 
4 38 39 (-1024 1024 0 ) (-1024 1024 -1032 ) (-1024 0 -1032 ) (-1024 0 0 ) 
4 39 51 (-1024 0 -1032 ) (-1024 0 944 ) (-2040 0 944 ) (-2040 0 -1032 ) 
4 40 41 (2048 -32 944 ) (2048 0 944 ) (2048 0 -1032 ) (2048 -32 -1032 ) 
4 41 46 (1024 -32 944 ) (1024 -16 944 ) (1024 -16 -1032 ) (1024 -32 -1032 ) 
4 41 44 (1024 0 0 ) (1024 0 -1032 ) (1024 -16 -1032 ) (1024 -16 0 ) 
4 41 42 (1024 -16 944 ) (1024 0 944 ) (1024 0 0 ) (1024 -16 0 ) 
4 42 46 (1024 -16 0 ) (1024 -16 944 ) (256 -16 944 ) (256 -16 0 ) 
4 42 44 (1024 -16 0 ) (272 -16 0 ) (272 0 0 ) (1024 0 0 ) 
4 42 43 (256 -16 128 ) (256 -16 944 ) (256 0 944 ) (256 0 128 ) 
4 43 47 (0 0 944 ) (0 0 128 ) (0 -16 128 ) (0 -16 944 ) 
4 43 46 (256 -16 944 ) (0 -16 944 ) (0 -16 128 ) (256 -16 128 ) 
4 44 46 (272 -16 -1032 ) (1024 -16 -1032 ) (1024 -16 0 ) (272 -16 0 ) 
4 44 45 (272 0 -1032 ) (272 -16 -1032 ) (272 -16 -16 ) (272 0 -16 ) 
4 45 48 (0 0 -16 ) (0 0 -1032 ) (0 -16 -1032 ) (0 -16 -16 ) 
4 45 46 (0 -16 -1032 ) (272 -16 -1032 ) (272 -16 -16 ) (0 -16 -16 ) 
4 46 50 (0 -16 -1032 ) (0 -32 -1032 ) (0 -32 944 ) (0 -16 944 ) 
4 47 50 (0 -16 0 ) (0 -16 944 ) (-16 -16 944 ) (-16 -16 0 ) 
4 47 49 (-16 -16 0 ) (-16 -16 944 ) (-16 0 944 ) (-16 0 0 ) 
4 48 50 (-16 -16 -1032 ) (0 -16 -1032 ) (0 -16 -16 ) (-16 -16 -16 ) 
4 48 49 (-16 0 -1032 ) (-16 -16 -1032 ) (-16 -16 -16 ) (-16 0 -16 ) 
4 49 51 (-1024 0 944 ) (-1024 0 -1032 ) (-1024 -16 -1032 ) (-1024 -16 944 ) 
4 49 50 (-1024 -16 -1032 ) (-16 -16 -1032 ) (-16 -16 944 ) (-1024 -16 944 ) 
4 50 51 (-1024 -16 -1032 ) (-1024 -32 -1032 ) (-1024 -32 944 ) (-1024 -16 944 ) 
